2024-03-31 17:36:47,543 - INFO - Logging started
2024-03-31 17:36:47,543 - INFO - Logging initiated from: multi_benchmark.py
2024-03-31 17:36:47,543 - INFO - Combination is 134
2024-03-31 17:36:47,544 - INFO - Starting fine-tuning for DISTILBERT
2024-03-31 17:36:48,382 - INFO - Fine-tuning on finance
2024-03-31 17:36:52,886 - INFO - Fine-tuning on amazon
2024-03-31 17:36:59,794 - INFO - Fine-tuning on sst2
2024-03-31 17:37:48,505 - INFO - Evaluating Evaluating on imdb using model: distilbert...
2024-03-31 17:37:48,505 - INFO - Accuracy: 0.46445686900958466
2024-03-31 17:37:48,512 - INFO - Macro F1 Score: 0.4504306476262948
2024-03-31 17:37:48,512 - INFO - Micro F1 Score: 0.4636
2024-03-31 17:37:48,512 - INFO - Weighted F1 Score: 0.4509070583064806
2024-03-31 17:37:48,512 - INFO - Matthews Correlation Coefficient: -0.07820484463208117
2024-03-31 17:37:48,512 - INFO - Cohen's Kappa Score: -0.07462944917427428
2024-03-31 17:37:48,512 - INFO - ROC AUC: 0.4627476317657322
2024-03-31 17:37:48,512 - INFO - PRC AUC: 0.6413946869310999
2024-03-31 17:37:48,513 - INFO - Completed fine-tuning for DISTILBERT
2024-03-31 17:37:53,138 - INFO - Evaluating ADVERSERIAL...
2024-03-31 17:37:53,140 - INFO - Accuracy: 0.48
2024-03-31 17:37:53,140 - INFO - Macro F1 Score: 0.4583333333333333
2024-03-31 17:37:53,140 - INFO - Micro F1 Score: 0.48
2024-03-31 17:37:53,140 - INFO - Weighted F1 Score: 0.4713333333333333
2024-03-31 17:37:53,140 - INFO - Matthews Correlation Coefficient: -0.07722470071909894
2024-03-31 17:37:53,140 - INFO - Cohen's Kappa Score: -0.07615894039735105
2024-03-31 17:37:53,140 - INFO - ROC AUC: 0.46266233766233766
2024-03-31 17:37:53,140 - INFO - PRC AUC: 0.6791964285714286
2024-03-31 17:37:53,140 - INFO - EVALUATION COMPLETED FOR DISTILBERT
2024-03-31 17:37:53,140 - INFO - Starting fine-tuning for ROBERTA
2024-03-31 17:37:53,869 - INFO - Fine-tuning on finance
2024-03-31 17:37:59,178 - INFO - Fine-tuning on amazon
2024-03-31 17:38:08,339 - INFO - Fine-tuning on sst2
2024-03-31 17:39:07,077 - INFO - Evaluating Evaluating on imdb using model: roberta...
2024-03-31 17:39:07,077 - INFO - Accuracy: 0.4968051118210863
2024-03-31 17:39:07,077 - INFO - Macro F1 Score: 0.33208656158161903
2024-03-31 17:39:07,077 - INFO - Micro F1 Score: 0.4972
2024-03-31 17:39:07,077 - INFO - Weighted F1 Score: 0.33022687683676194
2024-03-31 17:39:07,077 - INFO - Matthews Correlation Coefficient: 0.0
2024-03-31 17:39:07,077 - INFO - Cohen's Kappa Score: 0.0
2024-03-31 17:39:07,078 - INFO - ROC AUC: 0.5
2024-03-31 17:39:07,078 - INFO - PRC AUC: 0.7514000000000001
2024-03-31 17:39:07,084 - INFO - Completed fine-tuning for ROBERTA
2024-03-31 17:39:13,050 - INFO - Evaluating ADVERSERIAL...
2024-03-31 17:39:13,050 - INFO - Accuracy: 0.44
2024-03-31 17:39:13,050 - INFO - Macro F1 Score: 0.3055555555555556
2024-03-31 17:39:13,050 - INFO - Micro F1 Score: 0.44
2024-03-31 17:39:13,050 - INFO - Weighted F1 Score: 0.26888888888888896
2024-03-31 17:39:13,050 - INFO - Matthews Correlation Coefficient: 0.0
2024-03-31 17:39:13,050 - INFO - Cohen's Kappa Score: 0.0
2024-03-31 17:39:13,050 - INFO - ROC AUC: 0.5
2024-03-31 17:39:13,050 - INFO - PRC AUC: 0.78
2024-03-31 17:39:13,050 - INFO - EVALUATION COMPLETED FOR ROBERTA
2024-03-31 17:39:13,050 - INFO - Starting fine-tuning for BERT
2024-03-31 17:39:13,697 - INFO - Fine-tuning on finance
2024-03-31 17:39:17,898 - INFO - Fine-tuning on amazon
2024-03-31 17:39:23,927 - INFO - Fine-tuning on sst2
2024-03-31 17:40:13,550 - INFO - Evaluating Evaluating on imdb using model: bert...
2024-03-31 17:40:13,550 - INFO - Accuracy: 0.5151757188498403
2024-03-31 17:40:13,550 - INFO - Macro F1 Score: 0.3904962435876486
2024-03-31 17:40:13,550 - INFO - Micro F1 Score: 0.5148
2024-03-31 17:40:13,550 - INFO - Weighted F1 Score: 0.3920376542074652
2024-03-31 17:40:13,550 - INFO - Matthews Correlation Coefficient: 0.055746865436009714
2024-03-31 17:40:13,550 - INFO - Cohen's Kappa Score: 0.024697583887264507
2024-03-31 17:40:13,550 - INFO - ROC AUC: 0.512287105323623
2024-03-31 17:40:13,551 - INFO - PRC AUC: 0.7449465855291313
2024-03-31 17:40:13,558 - INFO - Completed fine-tuning for BERT
2024-03-31 17:40:17,871 - INFO - Evaluating ADVERSERIAL...
2024-03-31 17:40:17,871 - INFO - Accuracy: 0.54
2024-03-31 17:40:17,871 - INFO - Macro F1 Score: 0.38666666666666666
2024-03-31 17:40:17,871 - INFO - Micro F1 Score: 0.54
2024-03-31 17:40:17,871 - INFO - Weighted F1 Score: 0.4234666666666667
2024-03-31 17:40:17,871 - INFO - Matthews Correlation Coefficient: -0.05429002857547923
2024-03-31 17:40:17,871 - INFO - Cohen's Kappa Score: -0.028622540250447193
2024-03-31 17:40:17,871 - INFO - ROC AUC: 0.487012987012987
2024-03-31 17:40:17,872 - INFO - PRC AUC: 0.7608814589665654
2024-03-31 17:40:17,872 - INFO - EVALUATION COMPLETED FOR BERT
