2024-03-31 17:33:09,995 - INFO - Logging started
2024-03-31 17:33:09,995 - INFO - Logging initiated from: multi_benchmark.py
2024-03-31 17:33:09,995 - INFO - Combination is 234
2024-03-31 17:33:09,996 - INFO - Starting fine-tuning for DISTILBERT
2024-03-31 17:33:10,756 - INFO - Fine-tuning on imdb
2024-03-31 17:33:22,903 - INFO - Fine-tuning on amazon
2024-03-31 17:33:30,491 - INFO - Fine-tuning on sst2
2024-03-31 17:33:47,091 - INFO - Evaluating Evaluating on finance using model: distilbert...
2024-03-31 17:33:47,091 - INFO - Accuracy: 0.33714285714285713
2024-03-31 17:33:47,091 - INFO - Macro F1 Score: 0.25213675213675213
2024-03-31 17:33:47,091 - INFO - Micro F1 Score: 0.33714285714285713
2024-03-31 17:33:47,091 - INFO - Weighted F1 Score: 0.17001221001221
2024-03-31 17:33:47,091 - INFO - Matthews Correlation Coefficient: 0.0
2024-03-31 17:33:47,091 - INFO - Cohen's Kappa Score: 0.0
2024-03-31 17:33:47,091 - INFO - ROC AUC: 0.5
2024-03-31 17:33:47,091 - INFO - PRC AUC: 0.8314285714285714
2024-03-31 17:33:47,092 - INFO - Completed fine-tuning for DISTILBERT
2024-03-31 17:33:51,747 - INFO - Evaluating ADVERSERIAL...
2024-03-31 17:33:51,747 - INFO - Accuracy: 0.44
2024-03-31 17:33:51,747 - INFO - Macro F1 Score: 0.3055555555555556
2024-03-31 17:33:51,748 - INFO - Micro F1 Score: 0.44
2024-03-31 17:33:51,748 - INFO - Weighted F1 Score: 0.26888888888888896
2024-03-31 17:33:51,748 - INFO - Matthews Correlation Coefficient: 0.0
2024-03-31 17:33:51,748 - INFO - Cohen's Kappa Score: 0.0
2024-03-31 17:33:51,748 - INFO - ROC AUC: 0.5
2024-03-31 17:33:51,748 - INFO - PRC AUC: 0.78
2024-03-31 17:33:51,748 - INFO - EVALUATION COMPLETED FOR DISTILBERT
2024-03-31 17:33:51,748 - INFO - Starting fine-tuning for ROBERTA
2024-03-31 17:33:53,013 - INFO - Fine-tuning on imdb
2024-03-31 17:34:08,202 - INFO - Fine-tuning on amazon
2024-03-31 17:34:17,727 - INFO - Fine-tuning on sst2
2024-03-31 17:34:37,141 - INFO - Evaluating Evaluating on finance using model: roberta...
2024-03-31 17:34:37,141 - INFO - Accuracy: 0.33714285714285713
2024-03-31 17:34:37,141 - INFO - Macro F1 Score: 0.25213675213675213
2024-03-31 17:34:37,141 - INFO - Micro F1 Score: 0.33714285714285713
2024-03-31 17:34:37,141 - INFO - Weighted F1 Score: 0.17001221001221
2024-03-31 17:34:37,141 - INFO - Matthews Correlation Coefficient: 0.0
2024-03-31 17:34:37,141 - INFO - Cohen's Kappa Score: 0.0
2024-03-31 17:34:37,141 - INFO - ROC AUC: 0.5
2024-03-31 17:34:37,141 - INFO - PRC AUC: 0.8314285714285714
2024-03-31 17:34:37,144 - INFO - Completed fine-tuning for ROBERTA
2024-03-31 17:34:43,552 - INFO - Evaluating ADVERSERIAL...
2024-03-31 17:34:43,553 - INFO - Accuracy: 0.44
2024-03-31 17:34:43,553 - INFO - Macro F1 Score: 0.3055555555555556
2024-03-31 17:34:43,553 - INFO - Micro F1 Score: 0.44
2024-03-31 17:34:43,553 - INFO - Weighted F1 Score: 0.26888888888888896
2024-03-31 17:34:43,553 - INFO - Matthews Correlation Coefficient: 0.0
2024-03-31 17:34:43,553 - INFO - Cohen's Kappa Score: 0.0
2024-03-31 17:34:43,553 - INFO - ROC AUC: 0.5
2024-03-31 17:34:43,553 - INFO - PRC AUC: 0.78
2024-03-31 17:34:43,553 - INFO - EVALUATION COMPLETED FOR ROBERTA
2024-03-31 17:34:43,554 - INFO - Starting fine-tuning for BERT
2024-03-31 17:34:44,673 - INFO - Fine-tuning on imdb
2024-03-31 17:34:58,665 - INFO - Fine-tuning on amazon
2024-03-31 17:35:06,280 - INFO - Fine-tuning on sst2
2024-03-31 17:35:18,753 - INFO - Evaluating Evaluating on finance using model: bert...
2024-03-31 17:35:18,753 - INFO - Accuracy: 0.6171428571428571
2024-03-31 17:35:18,753 - INFO - Macro F1 Score: 0.452333130926246
2024-03-31 17:35:18,753 - INFO - Micro F1 Score: 0.6171428571428571
2024-03-31 17:35:18,753 - INFO - Weighted F1 Score: 0.5501889058673588
2024-03-31 17:35:18,753 - INFO - Matthews Correlation Coefficient: -0.02822328133778774
2024-03-31 17:35:18,753 - INFO - Cohen's Kappa Score: -0.022677714784125502
2024-03-31 17:35:18,754 - INFO - ROC AUC: 0.4905026300409117
2024-03-31 17:35:18,754 - INFO - PRC AUC: 0.8086874304783093
2024-03-31 17:35:18,758 - INFO - Completed fine-tuning for BERT
2024-03-31 17:35:21,537 - INFO - Evaluating ADVERSERIAL...
2024-03-31 17:35:21,537 - INFO - Accuracy: 0.54
2024-03-31 17:35:21,538 - INFO - Macro F1 Score: 0.38666666666666666
2024-03-31 17:35:21,538 - INFO - Micro F1 Score: 0.54
2024-03-31 17:35:21,538 - INFO - Weighted F1 Score: 0.4234666666666667
2024-03-31 17:35:21,538 - INFO - Matthews Correlation Coefficient: -0.05429002857547923
2024-03-31 17:35:21,538 - INFO - Cohen's Kappa Score: -0.028622540250447193
2024-03-31 17:35:21,538 - INFO - ROC AUC: 0.487012987012987
2024-03-31 17:35:21,538 - INFO - PRC AUC: 0.7608814589665654
2024-03-31 17:35:21,538 - INFO - EVALUATION COMPLETED FOR BERT
