2024-03-31 17:31:51,082 - INFO - Logging started
2024-03-31 17:31:51,083 - INFO - Logging initiated from: multi_benchmark.py
2024-03-31 17:31:51,083 - INFO - Combination is 123
2024-03-31 17:31:51,083 - INFO - Starting fine-tuning for DISTILBERT
2024-03-31 17:31:51,792 - INFO - Fine-tuning on finance
2024-03-31 17:31:55,408 - INFO - Fine-tuning on imdb
2024-03-31 17:32:06,071 - INFO - Fine-tuning on amazon
2024-03-31 17:32:23,609 - INFO - Evaluating Evaluating on sst2 using model: distilbert...
2024-03-31 17:32:23,610 - INFO - Accuracy: 0.5401376146788991
2024-03-31 17:32:23,617 - INFO - Macro F1 Score: 0.46805244750457525
2024-03-31 17:32:23,617 - INFO - Micro F1 Score: 0.5401376146788991
2024-03-31 17:32:23,617 - INFO - Weighted F1 Score: 0.4644594173650451
2024-03-31 17:32:23,617 - INFO - Matthews Correlation Coefficient: 0.14345738613747389
2024-03-31 17:32:23,617 - INFO - Cohen's Kappa Score: 0.09283549873396713
2024-03-31 17:32:23,617 - INFO - ROC AUC: 0.547076281889366
2024-03-31 17:32:23,617 - INFO - PRC AUC: 0.6465093179864251
2024-03-31 17:32:23,618 - INFO - Completed fine-tuning for DISTILBERT
2024-03-31 17:32:28,651 - INFO - Evaluating ADVERSERIAL...
2024-03-31 17:32:28,651 - INFO - Accuracy: 0.62
2024-03-31 17:32:28,651 - INFO - Macro F1 Score: 0.6186270574066639
2024-03-31 17:32:28,651 - INFO - Micro F1 Score: 0.62
2024-03-31 17:32:28,651 - INFO - Weighted F1 Score: 0.615881172219992
2024-03-31 17:32:28,651 - INFO - Matthews Correlation Coefficient: 0.278908197035912
2024-03-31 17:32:28,651 - INFO - Cohen's Kappa Score: 0.26127527216174184
2024-03-31 17:32:28,651 - INFO - ROC AUC: 0.6363636363636364
2024-03-31 17:32:28,651 - INFO - PRC AUC: 0.758421052631579
2024-03-31 17:32:28,651 - INFO - EVALUATION COMPLETED FOR DISTILBERT
2024-03-31 17:32:28,651 - INFO - Starting fine-tuning for ROBERTA
2024-03-31 17:32:29,308 - INFO - Fine-tuning on finance
2024-03-31 17:32:32,669 - INFO - Fine-tuning on imdb
2024-03-31 17:32:43,802 - INFO - Fine-tuning on amazon
2024-03-31 17:33:05,417 - INFO - Evaluating Evaluating on sst2 using model: roberta...
2024-03-31 17:33:05,417 - INFO - Accuracy: 0.4908256880733945
2024-03-31 17:33:05,417 - INFO - Macro F1 Score: 0.3292307692307692
2024-03-31 17:33:05,417 - INFO - Micro F1 Score: 0.4908256880733945
2024-03-31 17:33:05,417 - INFO - Weighted F1 Score: 0.32318983768525056
2024-03-31 17:33:05,417 - INFO - Matthews Correlation Coefficient: 0.0
2024-03-31 17:33:05,417 - INFO - Cohen's Kappa Score: 0.0
2024-03-31 17:33:05,417 - INFO - ROC AUC: 0.5
2024-03-31 17:33:05,417 - INFO - PRC AUC: 0.7545871559633027
2024-03-31 17:33:05,424 - INFO - Completed fine-tuning for ROBERTA
2024-03-31 17:33:11,979 - INFO - Evaluating ADVERSERIAL...
2024-03-31 17:33:11,979 - INFO - Accuracy: 0.44
2024-03-31 17:33:11,979 - INFO - Macro F1 Score: 0.3055555555555556
2024-03-31 17:33:11,979 - INFO - Micro F1 Score: 0.44
2024-03-31 17:33:11,979 - INFO - Weighted F1 Score: 0.26888888888888896
2024-03-31 17:33:11,979 - INFO - Matthews Correlation Coefficient: 0.0
2024-03-31 17:33:11,979 - INFO - Cohen's Kappa Score: 0.0
2024-03-31 17:33:11,979 - INFO - ROC AUC: 0.5
2024-03-31 17:33:11,979 - INFO - PRC AUC: 0.78
2024-03-31 17:33:11,979 - INFO - EVALUATION COMPLETED FOR ROBERTA
2024-03-31 17:33:11,979 - INFO - Starting fine-tuning for BERT
2024-03-31 17:33:12,760 - INFO - Fine-tuning on finance
2024-03-31 17:33:16,512 - INFO - Fine-tuning on imdb
2024-03-31 17:33:27,617 - INFO - Fine-tuning on amazon
2024-03-31 17:33:44,093 - INFO - Evaluating Evaluating on sst2 using model: bert...
2024-03-31 17:33:44,093 - INFO - Accuracy: 0.5091743119266054
2024-03-31 17:33:44,093 - INFO - Macro F1 Score: 0.4381680124765913
2024-03-31 17:33:44,093 - INFO - Micro F1 Score: 0.5091743119266054
2024-03-31 17:33:44,093 - INFO - Weighted F1 Score: 0.44183285373852754
2024-03-31 17:33:44,093 - INFO - Matthews Correlation Coefficient: 0.007819893451450437
2024-03-31 17:33:44,093 - INFO - Cohen's Kappa Score: 0.005711849957374282
2024-03-31 17:33:44,093 - INFO - ROC AUC: 0.5028205775869328
2024-03-31 17:33:44,094 - INFO - PRC AUC: 0.7183870349427521
2024-03-31 17:33:44,099 - INFO - Completed fine-tuning for BERT
2024-03-31 17:33:47,100 - INFO - Evaluating ADVERSERIAL...
2024-03-31 17:33:47,100 - INFO - Accuracy: 0.54
2024-03-31 17:33:47,100 - INFO - Macro F1 Score: 0.38666666666666666
2024-03-31 17:33:47,100 - INFO - Micro F1 Score: 0.54
2024-03-31 17:33:47,100 - INFO - Weighted F1 Score: 0.4234666666666667
2024-03-31 17:33:47,100 - INFO - Matthews Correlation Coefficient: -0.05429002857547923
2024-03-31 17:33:47,100 - INFO - Cohen's Kappa Score: -0.028622540250447193
2024-03-31 17:33:47,100 - INFO - ROC AUC: 0.487012987012987
2024-03-31 17:33:47,100 - INFO - PRC AUC: 0.7608814589665654
2024-03-31 17:33:47,100 - INFO - EVALUATION COMPLETED FOR BERT
