2024-03-31 17:46:48,342 - INFO - Logging started
2024-03-31 17:46:48,342 - INFO - Logging initiated from: multi_benchmark.py
2024-03-31 17:46:48,342 - INFO - Combination is 124
2024-03-31 17:46:48,342 - INFO - Starting fine-tuning for DISTILBERT
2024-03-31 17:46:48,951 - INFO - Fine-tuning on finance
2024-03-31 17:46:51,994 - INFO - Fine-tuning on imdb
2024-03-31 17:47:03,297 - INFO - Fine-tuning on sst2
2024-03-31 17:47:39,571 - INFO - Evaluating Evaluating on amazon using model: distilbert...
2024-03-31 17:47:39,572 - INFO - Accuracy: 0.5095
2024-03-31 17:47:39,572 - INFO - Macro F1 Score: 0.3375289831069891
2024-03-31 17:47:39,572 - INFO - Micro F1 Score: 0.5095
2024-03-31 17:47:39,572 - INFO - Weighted F1 Score: 0.3439420337860219
2024-03-31 17:47:39,572 - INFO - Matthews Correlation Coefficient: 0.0
2024-03-31 17:47:39,572 - INFO - Cohen's Kappa Score: 0.0
2024-03-31 17:47:39,572 - INFO - ROC AUC: 0.5
2024-03-31 17:47:39,572 - INFO - PRC AUC: 0.75475
2024-03-31 17:47:39,575 - INFO - Completed fine-tuning for DISTILBERT
2024-03-31 17:47:44,132 - INFO - Evaluating ADVERSERIAL...
2024-03-31 17:47:44,132 - INFO - Accuracy: 0.56
2024-03-31 17:47:44,132 - INFO - Macro F1 Score: 0.358974358974359
2024-03-31 17:47:44,132 - INFO - Micro F1 Score: 0.56
2024-03-31 17:47:44,132 - INFO - Weighted F1 Score: 0.40205128205128204
2024-03-31 17:47:44,132 - INFO - Matthews Correlation Coefficient: 0.0
2024-03-31 17:47:44,132 - INFO - Cohen's Kappa Score: 0.0
2024-03-31 17:47:44,132 - INFO - ROC AUC: 0.5
2024-03-31 17:47:44,132 - INFO - PRC AUC: 0.78
2024-03-31 17:47:44,132 - INFO - EVALUATION COMPLETED FOR DISTILBERT
2024-03-31 17:47:44,132 - INFO - Starting fine-tuning for ROBERTA
2024-03-31 17:47:44,928 - INFO - Fine-tuning on finance
2024-03-31 17:47:50,353 - INFO - Fine-tuning on imdb
2024-03-31 17:48:03,660 - INFO - Fine-tuning on sst2
2024-03-31 17:48:46,253 - INFO - Evaluating Evaluating on amazon using model: roberta...
2024-03-31 17:48:46,253 - INFO - Accuracy: 0.4905
2024-03-31 17:48:46,253 - INFO - Macro F1 Score: 0.32908419993290844
2024-03-31 17:48:46,253 - INFO - Micro F1 Score: 0.4905
2024-03-31 17:48:46,253 - INFO - Weighted F1 Score: 0.3228316001341832
2024-03-31 17:48:46,253 - INFO - Matthews Correlation Coefficient: 0.0
2024-03-31 17:48:46,253 - INFO - Cohen's Kappa Score: 0.0
2024-03-31 17:48:46,253 - INFO - ROC AUC: 0.5
2024-03-31 17:48:46,253 - INFO - PRC AUC: 0.75475
2024-03-31 17:48:46,257 - INFO - Completed fine-tuning for ROBERTA
2024-03-31 17:48:52,235 - INFO - Evaluating ADVERSERIAL...
2024-03-31 17:48:52,236 - INFO - Accuracy: 0.44
2024-03-31 17:48:52,236 - INFO - Macro F1 Score: 0.3055555555555556
2024-03-31 17:48:52,236 - INFO - Micro F1 Score: 0.44
2024-03-31 17:48:52,236 - INFO - Weighted F1 Score: 0.26888888888888896
2024-03-31 17:48:52,236 - INFO - Matthews Correlation Coefficient: 0.0
2024-03-31 17:48:52,236 - INFO - Cohen's Kappa Score: 0.0
2024-03-31 17:48:52,236 - INFO - ROC AUC: 0.5
2024-03-31 17:48:52,236 - INFO - PRC AUC: 0.78
2024-03-31 17:48:52,236 - INFO - EVALUATION COMPLETED FOR ROBERTA
2024-03-31 17:48:52,236 - INFO - Starting fine-tuning for BERT
2024-03-31 17:48:52,841 - INFO - Fine-tuning on finance
2024-03-31 17:48:56,830 - INFO - Fine-tuning on imdb
2024-03-31 17:49:09,309 - INFO - Fine-tuning on sst2
2024-03-31 17:49:53,208 - INFO - Evaluating Evaluating on amazon using model: bert...
2024-03-31 17:49:53,208 - INFO - Accuracy: 0.51725
2024-03-31 17:49:53,208 - INFO - Macro F1 Score: 0.37447760092885707
2024-03-31 17:49:53,208 - INFO - Micro F1 Score: 0.51725
2024-03-31 17:49:53,208 - INFO - Weighted F1 Score: 0.38015562412582554
2024-03-31 17:49:53,208 - INFO - Matthews Correlation Coefficient: 0.047650588209326675
2024-03-31 17:49:53,208 - INFO - Cohen's Kappa Score: 0.017009152352382095
2024-03-31 17:49:53,208 - INFO - ROC AUC: 0.508356266612247
2024-03-31 17:49:53,208 - INFO - PRC AUC: 0.751130539374908
2024-03-31 17:49:53,218 - INFO - Completed fine-tuning for BERT
2024-03-31 17:49:57,640 - INFO - Evaluating ADVERSERIAL...
2024-03-31 17:49:57,640 - INFO - Accuracy: 0.54
2024-03-31 17:49:57,640 - INFO - Macro F1 Score: 0.38666666666666666
2024-03-31 17:49:57,640 - INFO - Micro F1 Score: 0.54
2024-03-31 17:49:57,640 - INFO - Weighted F1 Score: 0.4234666666666667
2024-03-31 17:49:57,640 - INFO - Matthews Correlation Coefficient: -0.05429002857547923
2024-03-31 17:49:57,640 - INFO - Cohen's Kappa Score: -0.028622540250447193
2024-03-31 17:49:57,640 - INFO - ROC AUC: 0.487012987012987
2024-03-31 17:49:57,640 - INFO - PRC AUC: 0.7608814589665654
2024-03-31 17:49:57,640 - INFO - EVALUATION COMPLETED FOR BERT
