2024-04-02 13:02:08,590 - INFO - Logging started
2024-04-02 13:02:08,590 - INFO - Logging initiated from: multi_benchmark.py
2024-04-02 13:02:08,590 - INFO - Combination is 314
2024-04-02 13:02:08,590 - INFO - Starting fine-tuning for DISTILBERT
2024-04-02 13:02:09,036 - INFO - Fine-tuning on amazon
2024-04-02 13:21:17,200 - INFO - Fine-tuning on finance
2024-04-02 13:21:42,825 - INFO - Fine-tuning on sst2
2024-04-02 13:57:48,260 - INFO - Evaluating Evaluating on imdb using model: distilbert...
2024-04-02 13:57:48,260 - INFO - Accuracy: 0.8881789137380192
2024-04-02 13:57:48,260 - INFO - Macro F1 Score: 0.8879954122920874
2024-04-02 13:57:48,260 - INFO - Micro F1 Score: 0.888
2024-04-02 13:57:48,260 - INFO - Weighted F1 Score: 0.8879994265365109
2024-04-02 13:57:48,260 - INFO - Matthews Correlation Coefficient: 0.7759919613062763
2024-04-02 13:57:48,260 - INFO - Cohen's Kappa Score: 0.775990967955828
2024-04-02 13:57:48,260 - INFO - ROC AUC: 0.887992007429353
2024-04-02 13:57:48,260 - INFO - PRC AUC: 0.9165128032185765
2024-04-02 13:57:48,260 - INFO - Completed fine-tuning for DISTILBERT
2024-04-02 13:58:09,795 - INFO - Evaluating ADVERSERIAL...
2024-04-02 13:58:09,795 - INFO - Accuracy: 0.9
2024-04-02 13:58:09,795 - INFO - Macro F1 Score: 0.898000815993472
2024-04-02 13:58:09,795 - INFO - Micro F1 Score: 0.9
2024-04-02 13:58:09,795 - INFO - Weighted F1 Score: 0.8997144022847817
2024-04-02 13:58:09,795 - INFO - Matthews Correlation Coefficient: 0.7967477021094902
2024-04-02 13:58:09,795 - INFO - Cohen's Kappa Score: 0.7960848287112561
2024-04-02 13:58:09,795 - INFO - ROC AUC: 0.8961038961038962
2024-04-02 13:58:09,795 - INFO - PRC AUC: 0.9325615763546797
2024-04-02 13:58:09,795 - INFO - EVALUATION COMPLETED FOR DISTILBERT
2024-04-02 13:58:09,795 - INFO - Starting fine-tuning for ROBERTA
2024-04-02 13:58:16,303 - INFO - Fine-tuning on amazon
2024-04-02 14:35:19,796 - INFO - Fine-tuning on finance
2024-04-02 14:36:05,324 - INFO - Fine-tuning on sst2
2024-04-02 15:45:30,276 - INFO - Evaluating Evaluating on imdb using model: roberta...
2024-04-02 15:45:30,276 - INFO - Accuracy: 0.5031948881789138
2024-04-02 15:45:30,276 - INFO - Macro F1 Score: 0.3345754591429332
2024-04-02 15:45:30,276 - INFO - Micro F1 Score: 0.5028
2024-04-02 15:45:30,276 - INFO - Weighted F1 Score: 0.3364490817141336
2024-04-02 15:45:30,276 - INFO - Matthews Correlation Coefficient: 0.0
2024-04-02 15:45:30,276 - INFO - Cohen's Kappa Score: 0.0
2024-04-02 15:45:30,276 - INFO - ROC AUC: 0.5
2024-04-02 15:45:30,276 - INFO - PRC AUC: 0.7514000000000001
2024-04-02 15:45:30,277 - INFO - Completed fine-tuning for ROBERTA
2024-04-02 15:45:42,422 - INFO - Evaluating ADVERSERIAL...
2024-04-02 15:45:42,422 - INFO - Accuracy: 0.56
2024-04-02 15:45:42,422 - INFO - Macro F1 Score: 0.358974358974359
2024-04-02 15:45:42,422 - INFO - Micro F1 Score: 0.56
2024-04-02 15:45:42,422 - INFO - Weighted F1 Score: 0.40205128205128204
2024-04-02 15:45:42,422 - INFO - Matthews Correlation Coefficient: 0.0
2024-04-02 15:45:42,422 - INFO - Cohen's Kappa Score: 0.0
2024-04-02 15:45:42,422 - INFO - ROC AUC: 0.5
2024-04-02 15:45:42,422 - INFO - PRC AUC: 0.78
2024-04-02 15:45:42,423 - INFO - EVALUATION COMPLETED FOR ROBERTA
2024-04-02 15:45:42,423 - INFO - Starting fine-tuning for BERT
2024-04-02 15:45:47,112 - INFO - Fine-tuning on amazon
2024-04-02 16:22:55,849 - INFO - Fine-tuning on finance
2024-04-02 16:23:42,091 - INFO - Fine-tuning on sst2
2024-04-02 17:34:57,654 - INFO - Evaluating Evaluating on imdb using model: bert...
2024-04-02 17:34:57,658 - INFO - Accuracy: 0.8861821086261981
2024-04-02 17:34:57,658 - INFO - Macro F1 Score: 0.8859903502232429
2024-04-02 17:34:57,658 - INFO - Micro F1 Score: 0.886
2024-04-02 17:34:57,658 - INFO - Weighted F1 Score: 0.8859844764460864
2024-04-02 17:34:57,658 - INFO - Matthews Correlation Coefficient: 0.7723689816597905
2024-04-02 17:34:57,658 - INFO - Cohen's Kappa Score: 0.7720306390821073
2024-04-02 17:34:57,658 - INFO - ROC AUC: 0.8860793074470814
2024-04-02 17:34:57,658 - INFO - PRC AUC: 0.9173389595315413
2024-04-02 17:34:57,661 - INFO - Completed fine-tuning for BERT
2024-04-02 17:34:59,632 - INFO - Evaluating ADVERSERIAL...
2024-04-02 17:34:59,632 - INFO - Accuracy: 0.86
2024-04-02 17:34:59,632 - INFO - Macro F1 Score: 0.8594941790445605
2024-04-02 17:34:59,632 - INFO - Micro F1 Score: 0.8599999999999999
2024-04-02 17:34:59,632 - INFO - Weighted F1 Score: 0.8605058209554396
2024-04-02 17:34:59,632 - INFO - Matthews Correlation Coefficient: 0.7252406676228423
2024-04-02 17:34:59,632 - INFO - Cohen's Kappa Score: 0.72
2024-04-02 17:34:59,632 - INFO - ROC AUC: 0.8652597402597402
2024-04-02 17:34:59,632 - INFO - PRC AUC: 0.9207142857142856
2024-04-02 17:34:59,632 - INFO - EVALUATION COMPLETED FOR BERT
