2024-04-01 23:07:32,263 - INFO - Logging started
2024-04-01 23:07:32,264 - INFO - Logging initiated from: multi_benchmark.py
2024-04-01 23:07:32,264 - INFO - Combination is 234
2024-04-01 23:07:32,265 - INFO - Starting fine-tuning for DISTILBERT
2024-04-01 23:07:35,850 - INFO - Fine-tuning on imdb
2024-04-01 23:34:06,550 - INFO - Fine-tuning on amazon
2024-04-02 00:02:35,906 - INFO - Fine-tuning on sst2
2024-04-02 00:38:34,333 - INFO - Evaluating Evaluating on finance using model: distilbert...
2024-04-02 00:38:34,333 - INFO - Accuracy: 0.6285714285714286
2024-04-02 00:38:34,333 - INFO - Macro F1 Score: 0.6281342966425839
2024-04-02 00:38:34,334 - INFO - Micro F1 Score: 0.6285714285714286
2024-04-02 00:38:34,334 - INFO - Weighted F1 Score: 0.6239815433185598
2024-04-02 00:38:34,334 - INFO - Matthews Correlation Coefficient: 0.44375524837950053
2024-04-02 00:38:34,334 - INFO - Cohen's Kappa Score: 0.3416864401875108
2024-04-02 00:38:34,334 - INFO - ROC AUC: 0.7156633547632963
2024-04-02 00:38:34,334 - INFO - PRC AUC: 0.8975611116274747
2024-04-02 00:38:34,334 - INFO - Completed fine-tuning for DISTILBERT
2024-04-02 00:38:38,738 - INFO - Evaluating ADVERSERIAL...
2024-04-02 00:38:38,738 - INFO - Accuracy: 0.86
2024-04-02 00:38:38,738 - INFO - Macro F1 Score: 0.8585858585858586
2024-04-02 00:38:38,738 - INFO - Micro F1 Score: 0.8599999999999999
2024-04-02 00:38:38,738 - INFO - Weighted F1 Score: 0.8602828282828283
2024-04-02 00:38:38,738 - INFO - Matthews Correlation Coefficient: 0.717871668706209
2024-04-02 00:38:38,738 - INFO - Cohen's Kappa Score: 0.7172859450726979
2024-04-02 00:38:38,738 - INFO - ROC AUC: 0.8603896103896104
2024-04-02 00:38:38,738 - INFO - PRC AUC: 0.913015873015873
2024-04-02 00:38:38,738 - INFO - EVALUATION COMPLETED FOR DISTILBERT
2024-04-02 00:38:38,738 - INFO - Starting fine-tuning for ROBERTA
2024-04-02 00:38:43,993 - INFO - Fine-tuning on imdb
2024-04-02 01:04:45,445 - INFO - Fine-tuning on amazon
2024-04-02 01:41:49,724 - INFO - Fine-tuning on sst2
2024-04-02 02:51:04,236 - INFO - Evaluating Evaluating on finance using model: roberta...
2024-04-02 02:51:04,237 - INFO - Accuracy: 0.4
2024-04-02 02:51:04,237 - INFO - Macro F1 Score: 0.3511881642597366
2024-04-02 02:51:04,237 - INFO - Micro F1 Score: 0.4000000000000001
2024-04-02 02:51:04,237 - INFO - Weighted F1 Score: 0.2932241093181738
2024-04-02 02:51:04,237 - INFO - Matthews Correlation Coefficient: 0.18470192840065341
2024-04-02 02:51:04,237 - INFO - Cohen's Kappa Score: 0.06597875260509334
2024-04-02 02:51:04,237 - INFO - ROC AUC: 0.5474137931034483
2024-04-02 02:51:04,237 - INFO - PRC AUC: 0.8474137931034482
2024-04-02 02:51:04,238 - INFO - Completed fine-tuning for ROBERTA
2024-04-02 02:51:07,323 - INFO - Evaluating ADVERSERIAL...
2024-04-02 02:51:07,323 - INFO - Accuracy: 0.64
2024-04-02 02:51:07,323 - INFO - Macro F1 Score: 0.6347402597402598
2024-04-02 02:51:07,323 - INFO - Micro F1 Score: 0.64
2024-04-02 02:51:07,323 - INFO - Weighted F1 Score: 0.64
2024-04-02 02:51:07,323 - INFO - Matthews Correlation Coefficient: 0.2694805194805195
2024-04-02 02:51:07,323 - INFO - Cohen's Kappa Score: 0.26948051948051954
2024-04-02 02:51:07,323 - INFO - ROC AUC: 0.6347402597402597
2024-04-02 02:51:07,323 - INFO - PRC AUC: 0.7685714285714287
2024-04-02 02:51:07,323 - INFO - EVALUATION COMPLETED FOR ROBERTA
2024-04-02 02:51:07,323 - INFO - Starting fine-tuning for BERT
2024-04-02 02:51:12,088 - INFO - Fine-tuning on imdb
2024-04-02 03:17:06,885 - INFO - Fine-tuning on amazon
2024-04-02 03:54:02,073 - INFO - Fine-tuning on sst2
2024-04-02 05:02:44,884 - INFO - Evaluating Evaluating on finance using model: bert...
2024-04-02 05:02:44,885 - INFO - Accuracy: 0.6685714285714286
2024-04-02 05:02:44,885 - INFO - Macro F1 Score: 0.6685606060606061
2024-04-02 05:02:44,885 - INFO - Micro F1 Score: 0.6685714285714286
2024-04-02 05:02:44,885 - INFO - Weighted F1 Score: 0.6691774891774891
2024-04-02 05:02:44,885 - INFO - Matthews Correlation Coefficient: 0.48967228354597137
2024-04-02 05:02:44,885 - INFO - Cohen's Kappa Score: 0.398696682464455
2024-04-02 05:02:44,885 - INFO - ROC AUC: 0.7458357685563998
2024-04-02 05:02:44,885 - INFO - PRC AUC: 0.9088341543513957
2024-04-02 05:02:44,888 - INFO - Completed fine-tuning for BERT
2024-04-02 05:02:47,725 - INFO - Evaluating ADVERSERIAL...
2024-04-02 05:02:47,725 - INFO - Accuracy: 0.94
2024-04-02 05:02:47,725 - INFO - Macro F1 Score: 0.9388004895960833
2024-04-02 05:02:47,726 - INFO - Micro F1 Score: 0.94
2024-04-02 05:02:47,726 - INFO - Weighted F1 Score: 0.9398286413708691
2024-04-02 05:02:47,726 - INFO - Matthews Correlation Coefficient: 0.8783816879813642
2024-04-02 05:02:47,726 - INFO - Cohen's Kappa Score: 0.8776508972267537
2024-04-02 05:02:47,726 - INFO - ROC AUC: 0.9366883116883118
2024-04-02 05:02:47,726 - INFO - PRC AUC: 0.9576600985221675
2024-04-02 05:02:47,726 - INFO - EVALUATION COMPLETED FOR BERT
