2024-04-01 22:48:58,609 - INFO - Logging started
2024-04-01 22:48:58,611 - INFO - Logging initiated from: multi_benchmark.py
2024-04-01 22:48:58,611 - INFO - Combination is 214
2024-04-01 22:48:58,611 - INFO - Starting fine-tuning for DISTILBERT
2024-04-01 22:49:01,791 - INFO - Fine-tuning on imdb
2024-04-01 23:02:50,042 - INFO - Fine-tuning on finance
2024-04-01 23:03:17,360 - INFO - Fine-tuning on sst2
2024-04-01 23:40:11,029 - INFO - Evaluating Evaluating on amazon using model: distilbert...
2024-04-01 23:40:11,029 - INFO - Accuracy: 0.87125
2024-04-01 23:40:11,029 - INFO - Macro F1 Score: 0.8712490263207615
2024-04-01 23:40:11,029 - INFO - Micro F1 Score: 0.8712500000000001
2024-04-01 23:40:11,029 - INFO - Weighted F1 Score: 0.8712422990823868
2024-04-01 23:40:11,029 - INFO - Matthews Correlation Coefficient: 0.7433227648249281
2024-04-01 23:40:11,029 - INFO - Cohen's Kappa Score: 0.7426198104782225
2024-04-01 23:40:11,029 - INFO - ROC AUC: 0.8716169037022367
2024-04-01 23:40:11,029 - INFO - PRC AUC: 0.9089344213530818
2024-04-01 23:40:11,029 - INFO - Completed fine-tuning for DISTILBERT
2024-04-01 23:40:14,038 - INFO - Evaluating ADVERSERIAL...
2024-04-01 23:40:14,038 - INFO - Accuracy: 0.9
2024-04-01 23:40:14,038 - INFO - Macro F1 Score: 0.8966515088879703
2024-04-01 23:40:14,038 - INFO - Micro F1 Score: 0.9
2024-04-01 23:40:14,038 - INFO - Weighted F1 Score: 0.89888383629599
2024-04-01 23:40:14,038 - INFO - Matthews Correlation Coefficient: 0.8002008986387477
2024-04-01 23:40:14,038 - INFO - Cohen's Kappa Score: 0.7940691927512356
2024-04-01 23:40:14,038 - INFO - ROC AUC: 0.8912337662337663
2024-04-01 23:40:14,038 - INFO - PRC AUC: 0.9276267281105992
2024-04-01 23:40:14,038 - INFO - EVALUATION COMPLETED FOR DISTILBERT
2024-04-01 23:40:14,038 - INFO - Starting fine-tuning for ROBERTA
2024-04-01 23:40:19,135 - INFO - Fine-tuning on imdb
2024-04-02 00:06:47,913 - INFO - Fine-tuning on finance
2024-04-02 00:07:35,129 - INFO - Fine-tuning on sst2
2024-04-02 01:18:07,794 - INFO - Evaluating Evaluating on amazon using model: roberta...
2024-04-02 01:18:07,795 - INFO - Accuracy: 0.5095
2024-04-02 01:18:07,795 - INFO - Macro F1 Score: 0.33752898310698903
2024-04-02 01:18:07,795 - INFO - Micro F1 Score: 0.5095
2024-04-02 01:18:07,795 - INFO - Weighted F1 Score: 0.34394203378602184
2024-04-02 01:18:07,795 - INFO - Matthews Correlation Coefficient: 0.0
2024-04-02 01:18:07,795 - INFO - Cohen's Kappa Score: 0.0
2024-04-02 01:18:07,795 - INFO - ROC AUC: 0.5
2024-04-02 01:18:07,795 - INFO - PRC AUC: 0.75475
2024-04-02 01:18:07,796 - INFO - Completed fine-tuning for ROBERTA
2024-04-02 01:18:11,159 - INFO - Evaluating ADVERSERIAL...
2024-04-02 01:18:11,159 - INFO - Accuracy: 0.56
2024-04-02 01:18:11,159 - INFO - Macro F1 Score: 0.358974358974359
2024-04-02 01:18:11,159 - INFO - Micro F1 Score: 0.56
2024-04-02 01:18:11,159 - INFO - Weighted F1 Score: 0.40205128205128204
2024-04-02 01:18:11,159 - INFO - Matthews Correlation Coefficient: 0.0
2024-04-02 01:18:11,159 - INFO - Cohen's Kappa Score: 0.0
2024-04-02 01:18:11,159 - INFO - ROC AUC: 0.5
2024-04-02 01:18:11,159 - INFO - PRC AUC: 0.78
2024-04-02 01:18:11,159 - INFO - EVALUATION COMPLETED FOR ROBERTA
2024-04-02 01:18:11,159 - INFO - Starting fine-tuning for BERT
2024-04-02 01:18:15,822 - INFO - Fine-tuning on imdb
2024-04-02 01:44:40,024 - INFO - Fine-tuning on finance
2024-04-02 01:45:26,740 - INFO - Fine-tuning on sst2
2024-04-02 02:55:39,608 - INFO - Evaluating Evaluating on amazon using model: bert...
2024-04-02 02:55:39,609 - INFO - Accuracy: 0.86425
2024-04-02 02:55:39,609 - INFO - Macro F1 Score: 0.863913176606675
2024-04-02 02:55:39,609 - INFO - Micro F1 Score: 0.8642500000000001
2024-04-02 02:55:39,609 - INFO - Weighted F1 Score: 0.8637845405368625
2024-04-02 02:55:39,609 - INFO - Matthews Correlation Coefficient: 0.7360697452896731
2024-04-02 02:55:39,609 - INFO - Cohen's Kappa Score: 0.729109909039797
2024-04-02 02:55:39,609 - INFO - ROC AUC: 0.8655076982790788
2024-04-02 02:55:39,609 - INFO - PRC AUC: 0.9127781227160413
2024-04-02 02:55:39,612 - INFO - Completed fine-tuning for BERT
2024-04-02 02:55:42,012 - INFO - Evaluating ADVERSERIAL...
2024-04-02 02:55:42,012 - INFO - Accuracy: 0.84
2024-04-02 02:55:42,012 - INFO - Macro F1 Score: 0.8397435897435896
2024-04-02 02:55:42,012 - INFO - Micro F1 Score: 0.8399999999999999
2024-04-02 02:55:42,012 - INFO - Weighted F1 Score: 0.8405128205128204
2024-04-02 02:55:42,012 - INFO - Matthews Correlation Coefficient: 0.690336947848731
2024-04-02 02:55:42,012 - INFO - Cohen's Kappa Score: 0.6815286624203822
2024-04-02 02:55:42,012 - INFO - ROC AUC: 0.8474025974025973
2024-04-02 02:55:42,012 - INFO - PRC AUC: 0.9111904761904761
2024-04-02 02:55:42,012 - INFO - EVALUATION COMPLETED FOR BERT
