2024-04-02 13:01:46,465 - INFO - Logging started
2024-04-02 13:01:46,465 - INFO - Logging initiated from: multi_benchmark.py
2024-04-02 13:01:46,465 - INFO - Combination is 243
2024-04-02 13:01:46,465 - INFO - Starting fine-tuning for DISTILBERT
2024-04-02 13:01:46,918 - INFO - Fine-tuning on imdb
2024-04-02 13:17:10,153 - INFO - Fine-tuning on sst2
2024-04-02 13:55:31,397 - INFO - Fine-tuning on amazon
2024-04-02 14:15:25,177 - INFO - Evaluating Evaluating on finance using model: distilbert...
2024-04-02 14:15:25,177 - INFO - Accuracy: 0.6571428571428571
2024-04-02 14:15:25,178 - INFO - Macro F1 Score: 0.6568627450980392
2024-04-02 14:15:25,178 - INFO - Micro F1 Score: 0.6571428571428571
2024-04-02 14:15:25,178 - INFO - Weighted F1 Score: 0.6600560224089637
2024-04-02 14:15:25,178 - INFO - Matthews Correlation Coefficient: 0.4411434693067578
2024-04-02 14:15:25,178 - INFO - Cohen's Kappa Score: 0.3694451116982945
2024-04-02 14:15:25,178 - INFO - ROC AUC: 0.7247223845704266
2024-04-02 14:15:25,178 - INFO - PRC AUC: 0.8873706896551724
2024-04-02 14:15:25,178 - INFO - Completed fine-tuning for DISTILBERT
2024-04-02 14:15:27,156 - INFO - Evaluating ADVERSERIAL...
2024-04-02 14:15:27,156 - INFO - Accuracy: 0.82
2024-04-02 14:15:27,156 - INFO - Macro F1 Score: 0.8181818181818182
2024-04-02 14:15:27,156 - INFO - Micro F1 Score: 0.82
2024-04-02 14:15:27,156 - INFO - Weighted F1 Score: 0.8203636363636364
2024-04-02 14:15:27,156 - INFO - Matthews Correlation Coefficient: 0.6370302645726269
2024-04-02 14:15:27,156 - INFO - Cohen's Kappa Score: 0.6365105008077545
2024-04-02 14:15:27,156 - INFO - ROC AUC: 0.8198051948051948
2024-04-02 14:15:27,156 - INFO - PRC AUC: 0.8866402116402117
2024-04-02 14:15:27,156 - INFO - EVALUATION COMPLETED FOR DISTILBERT
2024-04-02 14:15:27,156 - INFO - Starting fine-tuning for ROBERTA
2024-04-02 14:15:32,195 - INFO - Fine-tuning on imdb
2024-04-02 14:42:06,872 - INFO - Fine-tuning on sst2
2024-04-02 15:52:37,056 - INFO - Fine-tuning on amazon
2024-04-02 16:30:27,078 - INFO - Evaluating Evaluating on finance using model: roberta...
2024-04-02 16:30:27,079 - INFO - Accuracy: 0.6628571428571428
2024-04-02 16:30:27,079 - INFO - Macro F1 Score: 0.3986254295532646
2024-04-02 16:30:27,079 - INFO - Micro F1 Score: 0.6628571428571428
2024-04-02 16:30:27,079 - INFO - Weighted F1 Score: 0.5284634266077565
2024-04-02 16:30:27,079 - INFO - Matthews Correlation Coefficient: 0.0
2024-04-02 16:30:27,079 - INFO - Cohen's Kappa Score: 0.0
2024-04-02 16:30:27,079 - INFO - ROC AUC: 0.5
2024-04-02 16:30:27,079 - INFO - PRC AUC: 0.8314285714285714
2024-04-02 16:30:27,080 - INFO - Completed fine-tuning for ROBERTA
2024-04-02 16:30:29,472 - INFO - Evaluating ADVERSERIAL...
2024-04-02 16:30:29,472 - INFO - Accuracy: 0.56
2024-04-02 16:30:29,472 - INFO - Macro F1 Score: 0.358974358974359
2024-04-02 16:30:29,472 - INFO - Micro F1 Score: 0.56
2024-04-02 16:30:29,472 - INFO - Weighted F1 Score: 0.40205128205128204
2024-04-02 16:30:29,472 - INFO - Matthews Correlation Coefficient: 0.0
2024-04-02 16:30:29,472 - INFO - Cohen's Kappa Score: 0.0
2024-04-02 16:30:29,472 - INFO - ROC AUC: 0.5
2024-04-02 16:30:29,472 - INFO - PRC AUC: 0.78
2024-04-02 16:30:29,472 - INFO - EVALUATION COMPLETED FOR ROBERTA
2024-04-02 16:30:29,472 - INFO - Starting fine-tuning for BERT
2024-04-02 16:30:34,514 - INFO - Fine-tuning on imdb
2024-04-02 16:57:00,653 - INFO - Fine-tuning on sst2
2024-04-02 18:07:11,762 - INFO - Fine-tuning on amazon
2024-04-02 18:48:11,226 - INFO - Evaluating Evaluating on finance using model: bert...
2024-04-02 18:48:11,227 - INFO - Accuracy: 0.5942857142857143
2024-04-02 18:48:11,227 - INFO - Macro F1 Score: 0.5923690167645419
2024-04-02 18:48:11,227 - INFO - Micro F1 Score: 0.5942857142857143
2024-04-02 18:48:11,227 - INFO - Weighted F1 Score: 0.5832647035389729
2024-04-02 18:48:11,227 - INFO - Matthews Correlation Coefficient: 0.4048836435258374
2024-04-02 18:48:11,227 - INFO - Cohen's Kappa Score: 0.29487543272231986
2024-04-02 18:48:11,227 - INFO - ROC AUC: 0.6898012857977791
2024-04-02 18:48:11,227 - INFO - PRC AUC: 0.887637564196625
2024-04-02 18:48:11,230 - INFO - Completed fine-tuning for BERT
2024-04-02 18:48:13,015 - INFO - Evaluating ADVERSERIAL...
2024-04-02 18:48:13,015 - INFO - Accuracy: 0.8
2024-04-02 18:48:13,015 - INFO - Macro F1 Score: 0.797077922077922
2024-04-02 18:48:13,015 - INFO - Micro F1 Score: 0.8000000000000002
2024-04-02 18:48:13,015 - INFO - Weighted F1 Score: 0.8
2024-04-02 18:48:13,015 - INFO - Matthews Correlation Coefficient: 0.5941558441558441
2024-04-02 18:48:13,015 - INFO - Cohen's Kappa Score: 0.5941558441558441
2024-04-02 18:48:13,015 - INFO - ROC AUC: 0.797077922077922
2024-04-02 18:48:13,015 - INFO - PRC AUC: 0.8714285714285714
2024-04-02 18:48:13,015 - INFO - EVALUATION COMPLETED FOR BERT
