2024-04-01 01:36:23,451 - INFO - Logging started
2024-04-01 01:36:23,451 - INFO - Logging initiated from: multi_benchmark.py
2024-04-01 01:36:23,451 - INFO - Combination is 341
2024-04-01 01:36:23,452 - INFO - Starting fine-tuning for DISTILBERT
2024-04-01 01:36:24,336 - INFO - Fine-tuning on amazon
2024-04-01 02:08:46,695 - INFO - Fine-tuning on sst2
2024-04-01 03:07:59,158 - INFO - Fine-tuning on finance
2024-04-01 03:09:19,773 - INFO - Evaluating Evaluating on imdb using model: distilbert...
2024-04-01 03:09:19,773 - INFO - Accuracy: 0.8674121405750799
2024-04-01 03:09:19,780 - INFO - Macro F1 Score: 0.8667329469552172
2024-04-01 03:09:19,780 - INFO - Micro F1 Score: 0.8672
2024-04-01 03:09:19,780 - INFO - Weighted F1 Score: 0.8667771276486427
2024-04-01 03:09:19,780 - INFO - Matthews Correlation Coefficient: 0.7384931005195613
2024-04-01 03:09:19,780 - INFO - Cohen's Kappa Score: 0.7342321197454007
2024-04-01 03:09:19,780 - INFO - ROC AUC: 0.8668956658480809
2024-04-01 03:09:19,780 - INFO - PRC AUC: 0.8966678291574374
2024-04-01 03:09:19,782 - INFO - Completed fine-tuning for DISTILBERT
2024-04-01 03:09:24,510 - INFO - Evaluating ADVERSERIAL...
2024-04-01 03:09:24,510 - INFO - Accuracy: 0.88
2024-04-01 03:09:24,510 - INFO - Macro F1 Score: 0.8768472906403941
2024-04-01 03:09:24,510 - INFO - Micro F1 Score: 0.88
2024-04-01 03:09:24,510 - INFO - Weighted F1 Score: 0.8792118226600985
2024-04-01 03:09:24,510 - INFO - Matthews Correlation Coefficient: 0.7566444492037343
2024-04-01 03:09:24,510 - INFO - Cohen's Kappa Score: 0.7540983606557377
2024-04-01 03:09:24,510 - INFO - ROC AUC: 0.8733766233766233
2024-04-01 03:09:24,510 - INFO - PRC AUC: 0.9176190476190477
2024-04-01 03:09:24,511 - INFO - EVALUATION COMPLETED FOR DISTILBERT
2024-04-01 03:09:24,511 - INFO - Starting fine-tuning for ROBERTA
2024-04-01 03:09:25,415 - INFO - Fine-tuning on amazon
2024-04-01 04:08:37,103 - INFO - Fine-tuning on sst2
2024-04-01 05:58:56,679 - INFO - Fine-tuning on finance
2024-04-01 06:01:00,946 - INFO - Evaluating Evaluating on imdb using model: roberta...
2024-04-01 06:01:00,947 - INFO - Accuracy: 0.5031948881789138
2024-04-01 06:01:00,947 - INFO - Macro F1 Score: 0.3345754591429332
2024-04-01 06:01:00,947 - INFO - Micro F1 Score: 0.5028
2024-04-01 06:01:00,947 - INFO - Weighted F1 Score: 0.3364490817141336
2024-04-01 06:01:00,947 - INFO - Matthews Correlation Coefficient: 0.0
2024-04-01 06:01:00,947 - INFO - Cohen's Kappa Score: 0.0
2024-04-01 06:01:00,947 - INFO - ROC AUC: 0.5
2024-04-01 06:01:00,947 - INFO - PRC AUC: 0.7514000000000001
2024-04-01 06:01:00,953 - INFO - Completed fine-tuning for ROBERTA
2024-04-01 06:01:15,764 - INFO - Evaluating ADVERSERIAL...
2024-04-01 06:01:15,764 - INFO - Accuracy: 0.56
2024-04-01 06:01:15,764 - INFO - Macro F1 Score: 0.358974358974359
2024-04-01 06:01:15,764 - INFO - Micro F1 Score: 0.56
2024-04-01 06:01:15,765 - INFO - Weighted F1 Score: 0.40205128205128204
2024-04-01 06:01:15,765 - INFO - Matthews Correlation Coefficient: 0.0
2024-04-01 06:01:15,765 - INFO - Cohen's Kappa Score: 0.0
2024-04-01 06:01:15,765 - INFO - ROC AUC: 0.5
2024-04-01 06:01:15,765 - INFO - PRC AUC: 0.78
2024-04-01 06:01:15,765 - INFO - EVALUATION COMPLETED FOR ROBERTA
2024-04-01 06:01:15,765 - INFO - Starting fine-tuning for BERT
2024-04-01 06:01:16,468 - INFO - Fine-tuning on amazon
2024-04-01 07:01:00,638 - INFO - Fine-tuning on sst2
2024-04-01 08:52:15,953 - INFO - Fine-tuning on finance
2024-04-01 08:54:24,699 - INFO - Evaluating Evaluating on imdb using model: bert...
2024-04-01 08:54:24,699 - INFO - Accuracy: 0.825479233226837
2024-04-01 08:54:24,699 - INFO - Macro F1 Score: 0.8224163694883853
2024-04-01 08:54:24,699 - INFO - Micro F1 Score: 0.8252
2024-04-01 08:54:24,700 - INFO - Weighted F1 Score: 0.8225408769234095
2024-04-01 08:54:24,700 - INFO - Matthews Correlation Coefficient: 0.6694069424167699
2024-04-01 08:54:24,700 - INFO - Cohen's Kappa Score: 0.649920082442619
2024-04-01 08:54:24,700 - INFO - ROC AUC: 0.8245247370957554
2024-04-01 08:54:24,700 - INFO - PRC AUC: 0.8681017712634439
2024-04-01 08:54:24,708 - INFO - Completed fine-tuning for BERT
2024-04-01 08:54:30,943 - INFO - Evaluating ADVERSERIAL...
2024-04-01 08:54:30,943 - INFO - Accuracy: 0.88
2024-04-01 08:54:30,943 - INFO - Macro F1 Score: 0.8768472906403941
2024-04-01 08:54:30,943 - INFO - Micro F1 Score: 0.88
2024-04-01 08:54:30,943 - INFO - Weighted F1 Score: 0.8792118226600985
2024-04-01 08:54:30,943 - INFO - Matthews Correlation Coefficient: 0.7566444492037343
2024-04-01 08:54:30,943 - INFO - Cohen's Kappa Score: 0.7540983606557377
2024-04-01 08:54:30,944 - INFO - ROC AUC: 0.8733766233766233
2024-04-01 08:54:30,944 - INFO - PRC AUC: 0.9176190476190477
2024-04-01 08:54:30,944 - INFO - EVALUATION COMPLETED FOR BERT
