2024-04-01 22:46:31,183 - INFO - Logging started
2024-04-01 22:46:31,183 - INFO - Logging initiated from: multi_benchmark.py
2024-04-01 22:46:31,183 - INFO - Combination is 423
2024-04-01 22:46:31,183 - INFO - Starting fine-tuning for DISTILBERT
2024-04-01 22:46:31,896 - INFO - Fine-tuning on sst2
2024-04-01 23:23:04,839 - INFO - Fine-tuning on imdb
2024-04-01 23:36:57,201 - INFO - Fine-tuning on amazon
2024-04-01 23:57:12,205 - INFO - Evaluating Evaluating on finance using model: distilbert...
2024-04-01 23:57:12,206 - INFO - Accuracy: 0.68
2024-04-01 23:57:12,206 - INFO - Macro F1 Score: 0.6787306582743247
2024-04-01 23:57:12,206 - INFO - Micro F1 Score: 0.68
2024-04-01 23:57:12,206 - INFO - Weighted F1 Score: 0.6853081563073695
2024-04-01 23:57:12,206 - INFO - Matthews Correlation Coefficient: 0.45893620800257223
2024-04-01 23:57:12,206 - INFO - Cohen's Kappa Score: 0.3991416309012875
2024-04-01 23:57:12,206 - INFO - ROC AUC: 0.7377995324371712
2024-04-01 23:57:12,206 - INFO - PRC AUC: 0.8901724137931035
2024-04-01 23:57:12,206 - INFO - Completed fine-tuning for DISTILBERT
2024-04-01 23:57:15,860 - INFO - Evaluating ADVERSERIAL...
2024-04-01 23:57:15,860 - INFO - Accuracy: 0.82
2024-04-01 23:57:15,860 - INFO - Macro F1 Score: 0.8181818181818182
2024-04-01 23:57:15,860 - INFO - Micro F1 Score: 0.82
2024-04-01 23:57:15,860 - INFO - Weighted F1 Score: 0.8203636363636364
2024-04-01 23:57:15,860 - INFO - Matthews Correlation Coefficient: 0.6370302645726269
2024-04-01 23:57:15,860 - INFO - Cohen's Kappa Score: 0.6365105008077545
2024-04-01 23:57:15,860 - INFO - ROC AUC: 0.8198051948051948
2024-04-01 23:57:15,860 - INFO - PRC AUC: 0.8866402116402117
2024-04-01 23:57:15,860 - INFO - EVALUATION COMPLETED FOR DISTILBERT
2024-04-01 23:57:15,860 - INFO - Starting fine-tuning for ROBERTA
2024-04-01 23:57:16,521 - INFO - Fine-tuning on sst2
2024-04-02 01:08:11,560 - INFO - Fine-tuning on imdb
2024-04-02 01:35:03,439 - INFO - Fine-tuning on amazon
2024-04-02 02:13:36,757 - INFO - Evaluating Evaluating on finance using model: roberta...
2024-04-02 02:13:36,758 - INFO - Accuracy: 0.6628571428571428
2024-04-02 02:13:36,758 - INFO - Macro F1 Score: 0.3986254295532646
2024-04-02 02:13:36,758 - INFO - Micro F1 Score: 0.6628571428571428
2024-04-02 02:13:36,758 - INFO - Weighted F1 Score: 0.5284634266077565
2024-04-02 02:13:36,758 - INFO - Matthews Correlation Coefficient: 0.0
2024-04-02 02:13:36,758 - INFO - Cohen's Kappa Score: 0.0
2024-04-02 02:13:36,758 - INFO - ROC AUC: 0.5
2024-04-02 02:13:36,758 - INFO - PRC AUC: 0.8314285714285714
2024-04-02 02:13:36,759 - INFO - Completed fine-tuning for ROBERTA
2024-04-02 02:13:40,247 - INFO - Evaluating ADVERSERIAL...
2024-04-02 02:13:40,247 - INFO - Accuracy: 0.56
2024-04-02 02:13:40,247 - INFO - Macro F1 Score: 0.358974358974359
2024-04-02 02:13:40,247 - INFO - Micro F1 Score: 0.56
2024-04-02 02:13:40,247 - INFO - Weighted F1 Score: 0.40205128205128204
2024-04-02 02:13:40,247 - INFO - Matthews Correlation Coefficient: 0.0
2024-04-02 02:13:40,247 - INFO - Cohen's Kappa Score: 0.0
2024-04-02 02:13:40,247 - INFO - ROC AUC: 0.5
2024-04-02 02:13:40,247 - INFO - PRC AUC: 0.78
2024-04-02 02:13:40,247 - INFO - EVALUATION COMPLETED FOR ROBERTA
2024-04-02 02:13:40,247 - INFO - Starting fine-tuning for BERT
2024-04-02 02:13:40,803 - INFO - Fine-tuning on sst2
2024-04-02 03:25:17,127 - INFO - Fine-tuning on imdb
2024-04-02 03:52:10,542 - INFO - Fine-tuning on amazon
2024-04-02 04:30:12,748 - INFO - Evaluating Evaluating on finance using model: bert...
2024-04-02 04:30:12,749 - INFO - Accuracy: 0.6285714285714286
2024-04-02 04:30:12,749 - INFO - Macro F1 Score: 0.6283772746577805
2024-04-02 04:30:12,749 - INFO - Micro F1 Score: 0.6285714285714286
2024-04-02 04:30:12,749 - INFO - Weighted F1 Score: 0.6256105813882938
2024-04-02 04:30:12,749 - INFO - Matthews Correlation Coefficient: 0.43074634383876165
2024-04-02 04:30:12,749 - INFO - Cohen's Kappa Score: 0.33731430235945237
2024-04-02 04:30:12,749 - INFO - ROC AUC: 0.7114991233196961
2024-04-02 04:30:12,749 - INFO - PRC AUC: 0.8902664576802508
2024-04-02 04:30:12,751 - INFO - Completed fine-tuning for BERT
2024-04-02 04:30:15,326 - INFO - Evaluating ADVERSERIAL...
2024-04-02 04:30:15,326 - INFO - Accuracy: 0.82
2024-04-02 04:30:15,326 - INFO - Macro F1 Score: 0.8181818181818182
2024-04-02 04:30:15,326 - INFO - Micro F1 Score: 0.82
2024-04-02 04:30:15,326 - INFO - Weighted F1 Score: 0.8203636363636364
2024-04-02 04:30:15,326 - INFO - Matthews Correlation Coefficient: 0.6370302645726269
2024-04-02 04:30:15,326 - INFO - Cohen's Kappa Score: 0.6365105008077545
2024-04-02 04:30:15,326 - INFO - ROC AUC: 0.8198051948051948
2024-04-02 04:30:15,326 - INFO - PRC AUC: 0.8866402116402117
2024-04-02 04:30:15,326 - INFO - EVALUATION COMPLETED FOR BERT
