2024-04-01 22:44:05,077 - INFO - Logging started
2024-04-01 22:44:05,078 - INFO - Logging initiated from: multi_benchmark.py
2024-04-01 22:44:05,078 - INFO - Combination is 324
2024-04-01 22:44:05,078 - INFO - Starting fine-tuning for DISTILBERT
2024-04-01 22:44:08,187 - INFO - Fine-tuning on amazon
2024-04-01 23:04:00,483 - INFO - Fine-tuning on imdb
2024-04-01 23:17:58,612 - INFO - Fine-tuning on sst2
2024-04-01 23:54:45,108 - INFO - Evaluating Evaluating on finance using model: distilbert...
2024-04-01 23:54:45,108 - INFO - Accuracy: 0.7314285714285714
2024-04-01 23:54:45,108 - INFO - Macro F1 Score: 0.7301597716610347
2024-04-01 23:54:45,108 - INFO - Micro F1 Score: 0.7314285714285713
2024-04-01 23:54:45,108 - INFO - Weighted F1 Score: 0.7361865705568341
2024-04-01 23:54:45,108 - INFO - Matthews Correlation Coefficient: 0.5646463481782247
2024-04-01 23:54:45,108 - INFO - Cohen's Kappa Score: 0.4939395803851597
2024-04-01 23:54:45,108 - INFO - ROC AUC: 0.7932495616598481
2024-04-01 23:54:45,108 - INFO - PRC AUC: 0.9261104558384792
2024-04-01 23:54:45,108 - INFO - Completed fine-tuning for DISTILBERT
2024-04-01 23:54:48,742 - INFO - Evaluating ADVERSERIAL...
2024-04-01 23:54:48,742 - INFO - Accuracy: 0.92
2024-04-01 23:54:48,742 - INFO - Macro F1 Score: 0.9188311688311688
2024-04-01 23:54:48,742 - INFO - Micro F1 Score: 0.92
2024-04-01 23:54:48,742 - INFO - Weighted F1 Score: 0.92
2024-04-01 23:54:48,742 - INFO - Matthews Correlation Coefficient: 0.8376623376623377
2024-04-01 23:54:48,742 - INFO - Cohen's Kappa Score: 0.8376623376623377
2024-04-01 23:54:48,742 - INFO - ROC AUC: 0.9188311688311689
2024-04-01 23:54:48,742 - INFO - PRC AUC: 0.9485714285714286
2024-04-01 23:54:48,743 - INFO - EVALUATION COMPLETED FOR DISTILBERT
2024-04-01 23:54:48,743 - INFO - Starting fine-tuning for ROBERTA
2024-04-01 23:54:56,952 - INFO - Fine-tuning on amazon
2024-04-02 00:32:49,144 - INFO - Fine-tuning on imdb
2024-04-02 00:59:29,015 - INFO - Fine-tuning on sst2
2024-04-02 02:10:11,300 - INFO - Evaluating Evaluating on finance using model: roberta...
2024-04-02 02:10:11,301 - INFO - Accuracy: 0.6628571428571428
2024-04-02 02:10:11,301 - INFO - Macro F1 Score: 0.3986254295532646
2024-04-02 02:10:11,301 - INFO - Micro F1 Score: 0.6628571428571428
2024-04-02 02:10:11,301 - INFO - Weighted F1 Score: 0.5284634266077565
2024-04-02 02:10:11,301 - INFO - Matthews Correlation Coefficient: 0.0
2024-04-02 02:10:11,301 - INFO - Cohen's Kappa Score: 0.0
2024-04-02 02:10:11,301 - INFO - ROC AUC: 0.5
2024-04-02 02:10:11,301 - INFO - PRC AUC: 0.8314285714285714
2024-04-02 02:10:11,302 - INFO - Completed fine-tuning for ROBERTA
2024-04-02 02:10:14,901 - INFO - Evaluating ADVERSERIAL...
2024-04-02 02:10:14,901 - INFO - Accuracy: 0.56
2024-04-02 02:10:14,901 - INFO - Macro F1 Score: 0.358974358974359
2024-04-02 02:10:14,901 - INFO - Micro F1 Score: 0.56
2024-04-02 02:10:14,901 - INFO - Weighted F1 Score: 0.40205128205128204
2024-04-02 02:10:14,901 - INFO - Matthews Correlation Coefficient: 0.0
2024-04-02 02:10:14,901 - INFO - Cohen's Kappa Score: 0.0
2024-04-02 02:10:14,901 - INFO - ROC AUC: 0.5
2024-04-02 02:10:14,901 - INFO - PRC AUC: 0.78
2024-04-02 02:10:14,901 - INFO - EVALUATION COMPLETED FOR ROBERTA
2024-04-02 02:10:14,901 - INFO - Starting fine-tuning for BERT
2024-04-02 02:10:19,819 - INFO - Fine-tuning on amazon
2024-04-02 02:48:03,102 - INFO - Fine-tuning on imdb
2024-04-02 03:14:36,152 - INFO - Fine-tuning on sst2
2024-04-02 04:53:29,043 - INFO - Evaluating Evaluating on finance using model: bert...
2024-04-02 04:53:29,043 - INFO - Accuracy: 0.5771428571428572
2024-04-02 04:53:29,043 - INFO - Macro F1 Score: 0.5731144514767933
2024-04-02 04:53:29,043 - INFO - Micro F1 Score: 0.5771428571428572
2024-04-02 04:53:29,043 - INFO - Weighted F1 Score: 0.5596074442435203
2024-04-02 04:53:29,043 - INFO - Matthews Correlation Coefficient: 0.40077058261692194
2024-04-02 04:53:29,043 - INFO - Cohen's Kappa Score: 0.27677873338545733
2024-04-02 04:53:29,043 - INFO - ROC AUC: 0.6810344827586207
2024-04-02 04:53:29,043 - INFO - PRC AUC: 0.8924630541871921
2024-04-02 04:53:29,046 - INFO - Completed fine-tuning for BERT
2024-04-02 04:53:31,578 - INFO - Evaluating ADVERSERIAL...
2024-04-02 04:53:31,578 - INFO - Accuracy: 0.84
2024-04-02 04:53:31,578 - INFO - Macro F1 Score: 0.8389694041867954
2024-04-02 04:53:31,578 - INFO - Micro F1 Score: 0.8399999999999999
2024-04-02 04:53:31,578 - INFO - Weighted F1 Score: 0.8405152979066023
2024-04-02 04:53:31,578 - INFO - Matthews Correlation Coefficient: 0.6806593270844965
2024-04-02 04:53:31,578 - INFO - Cohen's Kappa Score: 0.6784565916398714
2024-04-02 04:53:31,578 - INFO - ROC AUC: 0.8425324675324675
2024-04-02 04:53:31,578 - INFO - PRC AUC: 0.9030219780219779
2024-04-02 04:53:31,578 - INFO - EVALUATION COMPLETED FOR BERT
