2024-04-01 15:37:44,306 - INFO - Logging started
2024-04-01 15:37:44,306 - INFO - Logging initiated from: multi_benchmark.py
2024-04-01 15:37:44,306 - INFO - Combination is 412
2024-04-01 15:37:44,306 - INFO - Starting fine-tuning for DISTILBERT
2024-04-01 15:37:45,174 - INFO - Fine-tuning on sst2
2024-04-01 15:37:56,106 - WARNING - Detected kernel version 3.10.0, which is below the recommended minimum of 5.5.0; this can cause the process to hang. It is recommended to upgrade the kernel to the minimum version or higher.
2024-04-01 17:20:13,075 - INFO - Fine-tuning on finance
2024-04-01 17:20:16,581 - WARNING - Detected kernel version 3.10.0, which is below the recommended minimum of 5.5.0; this can cause the process to hang. It is recommended to upgrade the kernel to the minimum version or higher.
2024-04-01 17:21:20,505 - INFO - Fine-tuning on imdb
2024-04-01 17:21:33,667 - WARNING - Detected kernel version 3.10.0, which is below the recommended minimum of 5.5.0; this can cause the process to hang. It is recommended to upgrade the kernel to the minimum version or higher.
2024-04-01 18:00:45,492 - INFO - Evaluating Evaluating on amazon using model: distilbert...
2024-04-01 18:00:45,492 - INFO - Accuracy: 0.899
2024-04-01 18:00:45,492 - INFO - Macro F1 Score: 0.898857768737287
2024-04-01 18:00:45,493 - INFO - Micro F1 Score: 0.899
2024-04-01 18:00:45,493 - INFO - Weighted F1 Score: 0.8989298325770617
2024-04-01 18:00:45,493 - INFO - Matthews Correlation Coefficient: 0.7983326544502292
2024-04-01 18:00:45,493 - INFO - Cohen's Kappa Score: 0.7977848430730297
2024-04-01 18:00:45,493 - INFO - ROC AUC: 0.8986118988955013
2024-04-01 18:00:45,493 - INFO - PRC AUC: 0.9235626970143039
2024-04-01 18:00:45,494 - INFO - Completed fine-tuning for DISTILBERT
2024-04-01 18:00:51,218 - INFO - Evaluating ADVERSERIAL...
2024-04-01 18:00:51,218 - INFO - Accuracy: 0.84
2024-04-01 18:00:51,218 - INFO - Macro F1 Score: 0.8389694041867954
2024-04-01 18:00:51,218 - INFO - Micro F1 Score: 0.8399999999999999
2024-04-01 18:00:51,219 - INFO - Weighted F1 Score: 0.8405152979066023
2024-04-01 18:00:51,219 - INFO - Matthews Correlation Coefficient: 0.6806593270844965
2024-04-01 18:00:51,219 - INFO - Cohen's Kappa Score: 0.6784565916398714
2024-04-01 18:00:51,219 - INFO - ROC AUC: 0.8425324675324675
2024-04-01 18:00:51,219 - INFO - PRC AUC: 0.9030219780219779
2024-04-01 18:00:51,220 - INFO - EVALUATION COMPLETED FOR DISTILBERT
2024-04-01 18:00:51,220 - INFO - Starting fine-tuning for ROBERTA
2024-04-01 18:00:52,146 - INFO - Fine-tuning on sst2
2024-04-01 18:01:04,776 - WARNING - Detected kernel version 3.10.0, which is below the recommended minimum of 5.5.0; this can cause the process to hang. It is recommended to upgrade the kernel to the minimum version or higher.
2024-04-01 21:11:07,606 - INFO - Fine-tuning on finance
2024-04-01 21:11:12,907 - WARNING - Detected kernel version 3.10.0, which is below the recommended minimum of 5.5.0; this can cause the process to hang. It is recommended to upgrade the kernel to the minimum version or higher.
2024-04-01 21:12:20,041 - INFO - Fine-tuning on imdb
2024-04-01 21:12:34,654 - WARNING - Detected kernel version 3.10.0, which is below the recommended minimum of 5.5.0; this can cause the process to hang. It is recommended to upgrade the kernel to the minimum version or higher.
2024-04-01 21:53:33,411 - INFO - Evaluating Evaluating on amazon using model: roberta...
2024-04-01 21:53:33,411 - INFO - Accuracy: 0.911
2024-04-01 21:53:33,411 - INFO - Macro F1 Score: 0.9107445285267758
2024-04-01 21:53:33,411 - INFO - Micro F1 Score: 0.911
2024-04-01 21:53:33,411 - INFO - Weighted F1 Score: 0.9108352567135284
2024-04-01 21:53:33,411 - INFO - Matthews Correlation Coefficient: 0.8236715640255164
2024-04-01 21:53:33,412 - INFO - Cohen's Kappa Score: 0.821701885552644
2024-04-01 21:53:33,412 - INFO - ROC AUC: 0.9103121226762863
2024-04-01 21:53:33,412 - INFO - PRC AUC: 0.9301275814668359
2024-04-01 21:53:33,417 - INFO - Completed fine-tuning for ROBERTA
2024-04-01 21:53:44,787 - INFO - Evaluating ADVERSERIAL...
2024-04-01 21:53:44,787 - INFO - Accuracy: 0.88
2024-04-01 21:53:44,787 - INFO - Macro F1 Score: 0.8782467532467533
2024-04-01 21:53:44,787 - INFO - Micro F1 Score: 0.88
2024-04-01 21:53:44,787 - INFO - Weighted F1 Score: 0.88
2024-04-01 21:53:44,787 - INFO - Matthews Correlation Coefficient: 0.7564935064935064
2024-04-01 21:53:44,787 - INFO - Cohen's Kappa Score: 0.7564935064935066
2024-04-01 21:53:44,787 - INFO - ROC AUC: 0.8782467532467532
2024-04-01 21:53:44,787 - INFO - PRC AUC: 0.9228571428571428
2024-04-01 21:53:44,787 - INFO - EVALUATION COMPLETED FOR ROBERTA
2024-04-01 21:53:44,787 - INFO - Starting fine-tuning for BERT
2024-04-01 21:53:45,607 - INFO - Fine-tuning on sst2
2024-04-01 21:53:55,629 - WARNING - Detected kernel version 3.10.0, which is below the recommended minimum of 5.5.0; this can cause the process to hang. It is recommended to upgrade the kernel to the minimum version or higher.
2024-04-01 23:37:22,070 - INFO - Fine-tuning on finance
2024-04-01 23:37:28,792 - WARNING - Detected kernel version 3.10.0, which is below the recommended minimum of 5.5.0; this can cause the process to hang. It is recommended to upgrade the kernel to the minimum version or higher.
2024-04-01 23:38:34,188 - INFO - Fine-tuning on imdb
2024-04-01 23:38:46,029 - WARNING - Detected kernel version 3.10.0, which is below the recommended minimum of 5.5.0; this can cause the process to hang. It is recommended to upgrade the kernel to the minimum version or higher.
2024-04-02 00:18:38,643 - INFO - Evaluating Evaluating on amazon using model: bert...
2024-04-02 00:18:38,644 - INFO - Accuracy: 0.9075
2024-04-02 00:18:38,644 - INFO - Macro F1 Score: 0.9073164634267007
2024-04-02 00:18:38,644 - INFO - Micro F1 Score: 0.9075
2024-04-02 00:18:38,644 - INFO - Weighted F1 Score: 0.9073948273568734
2024-04-02 00:18:38,644 - INFO - Matthews Correlation Coefficient: 0.8158181160870546
2024-04-02 00:18:38,644 - INFO - Cohen's Kappa Score: 0.8147536223176826
2024-04-02 00:18:38,644 - INFO - ROC AUC: 0.9069819204732908
2024-04-02 00:18:38,644 - INFO - PRC AUC: 0.9287344450762614
2024-04-02 00:18:38,659 - INFO - Completed fine-tuning for BERT
2024-04-02 00:18:42,659 - INFO - Evaluating ADVERSERIAL...
2024-04-02 00:18:42,659 - INFO - Accuracy: 0.88
2024-04-02 00:18:42,659 - INFO - Macro F1 Score: 0.8782467532467533
2024-04-02 00:18:42,659 - INFO - Micro F1 Score: 0.88
2024-04-02 00:18:42,659 - INFO - Weighted F1 Score: 0.88
2024-04-02 00:18:42,659 - INFO - Matthews Correlation Coefficient: 0.7564935064935064
2024-04-02 00:18:42,660 - INFO - Cohen's Kappa Score: 0.7564935064935066
2024-04-02 00:18:42,660 - INFO - ROC AUC: 0.8782467532467532
2024-04-02 00:18:42,660 - INFO - PRC AUC: 0.9228571428571428
2024-04-02 00:18:42,660 - INFO - EVALUATION COMPLETED FOR BERT
