2024-04-01 21:48:19,054 - INFO - Logging started
2024-04-01 21:48:19,054 - INFO - Logging initiated from: multi_benchmark.py
2024-04-01 21:48:19,054 - INFO - Combination is 213
2024-04-01 21:48:19,054 - INFO - Starting fine-tuning for DISTILBERT
2024-04-01 21:48:19,760 - INFO - Fine-tuning on imdb
2024-04-01 22:01:52,358 - INFO - Fine-tuning on finance
2024-04-01 22:02:17,544 - INFO - Fine-tuning on amazon
2024-04-01 22:21:52,860 - INFO - Evaluating Evaluating on sst2 using model: distilbert...
2024-04-01 22:21:52,861 - INFO - Accuracy: 0.8520642201834863
2024-04-01 22:21:52,861 - INFO - Macro F1 Score: 0.8519612294450915
2024-04-01 22:21:52,861 - INFO - Micro F1 Score: 0.8520642201834863
2024-04-01 22:21:52,861 - INFO - Weighted F1 Score: 0.8520328751761487
2024-04-01 22:21:52,861 - INFO - Matthews Correlation Coefficient: 0.7040324083207266
2024-04-01 22:21:52,861 - INFO - Cohen's Kappa Score: 0.7039415505116435
2024-04-01 22:21:52,861 - INFO - ROC AUC: 0.8518670539698577
2024-04-01 22:21:52,861 - INFO - PRC AUC: 0.8908953439189509
2024-04-01 22:21:52,862 - INFO - Completed fine-tuning for DISTILBERT
2024-04-01 22:22:00,000 - INFO - Evaluating ADVERSERIAL...
2024-04-01 22:22:00,000 - INFO - Accuracy: 0.8
2024-04-01 22:22:00,001 - INFO - Macro F1 Score: 0.7987117552334944
2024-04-01 22:22:00,001 - INFO - Micro F1 Score: 0.8000000000000002
2024-04-01 22:22:00,001 - INFO - Weighted F1 Score: 0.8006441223832528
2024-04-01 22:22:00,001 - INFO - Matthews Correlation Coefficient: 0.6000124873825419
2024-04-01 22:22:00,001 - INFO - Cohen's Kappa Score: 0.5980707395498392
2024-04-01 22:22:00,001 - INFO - ROC AUC: 0.8019480519480519
2024-04-01 22:22:00,001 - INFO - PRC AUC: 0.875934065934066
2024-04-01 22:22:00,001 - INFO - EVALUATION COMPLETED FOR DISTILBERT
2024-04-01 22:22:00,001 - INFO - Starting fine-tuning for ROBERTA
2024-04-01 22:22:06,025 - INFO - Fine-tuning on imdb
2024-04-01 22:48:10,418 - INFO - Fine-tuning on finance
2024-04-01 22:48:56,987 - INFO - Fine-tuning on amazon
2024-04-01 23:26:10,117 - INFO - Evaluating Evaluating on sst2 using model: roberta...
2024-04-01 23:26:10,118 - INFO - Accuracy: 0.8910550458715596
2024-04-01 23:26:10,118 - INFO - Macro F1 Score: 0.8910227991775405
2024-04-01 23:26:10,118 - INFO - Micro F1 Score: 0.8910550458715596
2024-04-01 23:26:10,118 - INFO - Weighted F1 Score: 0.8910571956511609
2024-04-01 23:26:10,118 - INFO - Matthews Correlation Coefficient: 0.7820479432735805
2024-04-01 23:26:10,118 - INFO - Cohen's Kappa Score: 0.7820458850768259
2024-04-01 23:26:10,118 - INFO - ROC AUC: 0.8910394038898712
2024-04-01 23:26:10,118 - INFO - PRC AUC: 0.920421477662557
2024-04-01 23:26:10,119 - INFO - Completed fine-tuning for ROBERTA
2024-04-01 23:26:13,308 - INFO - Evaluating ADVERSERIAL...
2024-04-01 23:26:13,308 - INFO - Accuracy: 0.84
2024-04-01 23:26:13,308 - INFO - Macro F1 Score: 0.8376623376623377
2024-04-01 23:26:13,308 - INFO - Micro F1 Score: 0.8399999999999999
2024-04-01 23:26:13,308 - INFO - Weighted F1 Score: 0.84
2024-04-01 23:26:13,308 - INFO - Matthews Correlation Coefficient: 0.6753246753246753
2024-04-01 23:26:13,308 - INFO - Cohen's Kappa Score: 0.6753246753246753
2024-04-01 23:26:13,308 - INFO - ROC AUC: 0.8376623376623377
2024-04-01 23:26:13,308 - INFO - PRC AUC: 0.8971428571428572
2024-04-01 23:26:13,308 - INFO - EVALUATION COMPLETED FOR ROBERTA
2024-04-01 23:26:13,308 - INFO - Starting fine-tuning for BERT
2024-04-01 23:26:18,347 - INFO - Fine-tuning on imdb
2024-04-01 23:52:14,294 - INFO - Fine-tuning on finance
2024-04-01 23:53:04,323 - INFO - Fine-tuning on amazon
2024-04-02 00:30:06,116 - INFO - Evaluating Evaluating on sst2 using model: bert...
2024-04-02 00:30:06,117 - INFO - Accuracy: 0.875
2024-04-02 00:30:06,117 - INFO - Macro F1 Score: 0.874897171339859
2024-04-02 00:30:06,117 - INFO - Micro F1 Score: 0.875
2024-04-02 00:30:06,117 - INFO - Weighted F1 Score: 0.8749629816823493
2024-04-02 00:30:06,117 - INFO - Matthews Correlation Coefficient: 0.7499810445446584
2024-04-02 00:30:06,117 - INFO - Cohen's Kappa Score: 0.7498210149505159
2024-04-02 00:30:06,117 - INFO - ROC AUC: 0.8747684600488339
2024-04-02 00:30:06,117 - INFO - PRC AUC: 0.9072420056608039
2024-04-02 00:30:06,120 - INFO - Completed fine-tuning for BERT
2024-04-02 00:30:08,526 - INFO - Evaluating ADVERSERIAL...
2024-04-02 00:30:08,526 - INFO - Accuracy: 0.78
2024-04-02 00:30:08,526 - INFO - Macro F1 Score: 0.779205138498595
2024-04-02 00:30:08,526 - INFO - Micro F1 Score: 0.78
2024-04-02 00:30:08,526 - INFO - Weighted F1 Score: 0.7807948615014051
2024-04-02 00:30:08,526 - INFO - Matthews Correlation Coefficient: 0.5640760748177662
2024-04-02 00:30:08,526 - INFO - Cohen's Kappa Score: 0.56
2024-04-02 00:30:08,526 - INFO - ROC AUC: 0.784090909090909
2024-04-02 00:30:08,526 - INFO - PRC AUC: 0.865
2024-04-02 00:30:08,526 - INFO - EVALUATION COMPLETED FOR BERT
