2024-04-01 22:46:07,764 - INFO - Logging started
2024-04-01 22:46:07,765 - INFO - Logging initiated from: multi_benchmark.py
2024-04-01 22:46:07,765 - INFO - Combination is 412
2024-04-01 22:46:07,765 - INFO - Starting fine-tuning for DISTILBERT
2024-04-01 22:46:10,977 - INFO - Fine-tuning on sst2
2024-04-01 23:25:06,135 - INFO - Fine-tuning on finance
2024-04-01 23:25:31,157 - INFO - Fine-tuning on imdb
2024-04-01 23:39:31,026 - INFO - Evaluating Evaluating on amazon using model: distilbert...
2024-04-01 23:39:31,026 - INFO - Accuracy: 0.89175
2024-04-01 23:39:31,026 - INFO - Macro F1 Score: 0.8915609840177043
2024-04-01 23:39:31,026 - INFO - Micro F1 Score: 0.89175
2024-04-01 23:39:31,026 - INFO - Weighted F1 Score: 0.8916470032671323
2024-04-01 23:39:31,026 - INFO - Matthews Correlation Coefficient: 0.7840483571726597
2024-04-01 23:39:31,027 - INFO - Cohen's Kappa Score: 0.7832343537004599
2024-04-01 23:39:31,027 - INFO - ROC AUC: 0.8912785015390555
2024-04-01 23:39:31,027 - INFO - PRC AUC: 0.9178908696831595
2024-04-01 23:39:31,027 - INFO - Completed fine-tuning for DISTILBERT
2024-04-01 23:39:38,243 - INFO - Evaluating ADVERSERIAL...
2024-04-01 23:39:38,243 - INFO - Accuracy: 0.8
2024-04-01 23:39:38,243 - INFO - Macro F1 Score: 0.794745484400657
2024-04-01 23:39:38,243 - INFO - Micro F1 Score: 0.8000000000000002
2024-04-01 23:39:38,243 - INFO - Weighted F1 Score: 0.7986863711001644
2024-04-01 23:39:38,243 - INFO - Matthews Correlation Coefficient: 0.592156525463792
2024-04-01 23:39:38,243 - INFO - Cohen's Kappa Score: 0.5901639344262295
2024-04-01 23:39:38,243 - INFO - ROC AUC: 0.7922077922077921
2024-04-01 23:39:38,243 - INFO - PRC AUC: 0.8685714285714285
2024-04-01 23:39:38,243 - INFO - EVALUATION COMPLETED FOR DISTILBERT
2024-04-01 23:39:38,243 - INFO - Starting fine-tuning for ROBERTA
2024-04-01 23:39:44,020 - INFO - Fine-tuning on sst2
2024-04-02 00:49:16,424 - INFO - Fine-tuning on finance
2024-04-02 00:50:03,090 - INFO - Fine-tuning on imdb
2024-04-02 01:16:31,512 - INFO - Evaluating Evaluating on amazon using model: roberta...
2024-04-02 01:16:31,512 - INFO - Accuracy: 0.5095
2024-04-02 01:16:31,512 - INFO - Macro F1 Score: 0.33752898310698903
2024-04-02 01:16:31,512 - INFO - Micro F1 Score: 0.5095
2024-04-02 01:16:31,512 - INFO - Weighted F1 Score: 0.34394203378602184
2024-04-02 01:16:31,512 - INFO - Matthews Correlation Coefficient: 0.0
2024-04-02 01:16:31,512 - INFO - Cohen's Kappa Score: 0.0
2024-04-02 01:16:31,512 - INFO - ROC AUC: 0.5
2024-04-02 01:16:31,512 - INFO - PRC AUC: 0.75475
2024-04-02 01:16:31,513 - INFO - Completed fine-tuning for ROBERTA
2024-04-02 01:16:34,809 - INFO - Evaluating ADVERSERIAL...
2024-04-02 01:16:34,809 - INFO - Accuracy: 0.56
2024-04-02 01:16:34,809 - INFO - Macro F1 Score: 0.358974358974359
2024-04-02 01:16:34,809 - INFO - Micro F1 Score: 0.56
2024-04-02 01:16:34,809 - INFO - Weighted F1 Score: 0.40205128205128204
2024-04-02 01:16:34,809 - INFO - Matthews Correlation Coefficient: 0.0
2024-04-02 01:16:34,809 - INFO - Cohen's Kappa Score: 0.0
2024-04-02 01:16:34,809 - INFO - ROC AUC: 0.5
2024-04-02 01:16:34,809 - INFO - PRC AUC: 0.78
2024-04-02 01:16:34,809 - INFO - EVALUATION COMPLETED FOR ROBERTA
2024-04-02 01:16:34,809 - INFO - Starting fine-tuning for BERT
2024-04-02 01:16:39,662 - INFO - Fine-tuning on sst2
2024-04-02 02:25:55,506 - INFO - Fine-tuning on finance
2024-04-02 02:26:42,200 - INFO - Fine-tuning on imdb
2024-04-02 02:53:06,656 - INFO - Evaluating Evaluating on amazon using model: bert...
2024-04-02 02:53:06,657 - INFO - Accuracy: 0.88075
2024-04-02 02:53:06,657 - INFO - Macro F1 Score: 0.8801836806782055
2024-04-02 02:53:06,657 - INFO - Micro F1 Score: 0.88075
2024-04-02 02:53:06,657 - INFO - Weighted F1 Score: 0.8803401907453197
2024-04-02 02:53:06,657 - INFO - Matthews Correlation Coefficient: 0.7647741400552258
2024-04-02 02:53:06,657 - INFO - Cohen's Kappa Score: 0.7609618055050947
2024-04-02 02:53:06,657 - INFO - ROC AUC: 0.8797613438451282
2024-04-02 02:53:06,657 - INFO - PRC AUC: 0.9077253307519226
2024-04-02 02:53:06,660 - INFO - Completed fine-tuning for BERT
2024-04-02 02:53:08,792 - INFO - Evaluating ADVERSERIAL...
2024-04-02 02:53:08,792 - INFO - Accuracy: 0.74
2024-04-02 02:53:08,792 - INFO - Macro F1 Score: 0.7267759562841531
2024-04-02 02:53:08,792 - INFO - Micro F1 Score: 0.74
2024-04-02 02:53:08,792 - INFO - Weighted F1 Score: 0.7339890710382514
2024-04-02 02:53:08,792 - INFO - Matthews Correlation Coefficient: 0.4695018364635751
2024-04-02 02:53:08,792 - INFO - Cohen's Kappa Score: 0.459234608985025
2024-04-02 02:53:08,792 - INFO - ROC AUC: 0.724025974025974
2024-04-02 02:53:08,792 - INFO - PRC AUC: 0.8322077922077922
2024-04-02 02:53:08,792 - INFO - EVALUATION COMPLETED FOR BERT
