2024-03-31 10:02:43,686 - INFO - Logging started
2024-03-31 10:02:43,686 - INFO - Logging initiated from: multi_benchmark.py
2024-03-31 10:02:43,686 - INFO - Combination is 143
2024-03-31 10:02:43,687 - INFO - Starting fine-tuning for DISTILBERT
2024-03-31 10:02:44,341 - INFO - Fine-tuning on finance
2024-03-31 10:03:24,157 - INFO - Fine-tuning on sst2
2024-03-31 11:01:46,090 - INFO - Fine-tuning on amazon
2024-03-31 11:34:41,821 - INFO - Evaluating Evaluating on imdb using model: distilbert...
2024-03-31 11:34:41,821 - INFO - Accuracy: 0.9037539936102237
2024-03-31 11:34:41,821 - INFO - Macro F1 Score: 0.9035851752565474
2024-03-31 11:34:41,821 - INFO - Micro F1 Score: 0.9036
2024-03-31 11:34:41,821 - INFO - Weighted F1 Score: 0.9035784802111171
2024-03-31 11:34:41,821 - INFO - Matthews Correlation Coefficient: 0.8077562341388835
2024-03-31 11:34:41,821 - INFO - Cohen's Kappa Score: 0.8072328166852875
2024-03-31 11:34:41,821 - INFO - ROC AUC: 0.9036977799623795
2024-03-31 11:34:41,821 - INFO - PRC AUC: 0.9312894932930048
2024-03-31 11:34:41,822 - INFO - Completed fine-tuning for DISTILBERT
2024-03-31 11:34:46,420 - INFO - Evaluating ADVERSERIAL...
2024-03-31 11:34:46,420 - INFO - Accuracy: 0.86
2024-03-31 11:34:46,420 - INFO - Macro F1 Score: 0.8585858585858586
2024-03-31 11:34:46,420 - INFO - Micro F1 Score: 0.86
2024-03-31 11:34:46,420 - INFO - Weighted F1 Score: 0.8602828282828283
2024-03-31 11:34:46,420 - INFO - Matthews Correlation Coefficient: 0.717871668706209
2024-03-31 11:34:46,420 - INFO - Cohen's Kappa Score: 0.7172859450726979
2024-03-31 11:34:46,420 - INFO - ROC AUC: 0.8603896103896104
2024-03-31 11:34:46,420 - INFO - PRC AUC: 0.913015873015873
2024-03-31 11:34:46,420 - INFO - EVALUATION COMPLETED FOR DISTILBERT
2024-03-31 11:34:46,420 - INFO - Starting fine-tuning for ROBERTA
2024-03-31 11:34:47,404 - INFO - Fine-tuning on finance
2024-03-31 11:36:01,063 - INFO - Fine-tuning on sst2
2024-03-31 13:26:20,136 - INFO - Fine-tuning on amazon
2024-03-31 14:26:28,797 - INFO - Evaluating Evaluating on imdb using model: roberta...
2024-03-31 14:26:28,797 - INFO - Accuracy: 0.5031948881789138
2024-03-31 14:26:28,797 - INFO - Macro F1 Score: 0.3345754591429332
2024-03-31 14:26:28,797 - INFO - Micro F1 Score: 0.5028
2024-03-31 14:26:28,797 - INFO - Weighted F1 Score: 0.3364490817141336
2024-03-31 14:26:28,797 - INFO - Matthews Correlation Coefficient: 0.0
2024-03-31 14:26:28,797 - INFO - Cohen's Kappa Score: 0.0
2024-03-31 14:26:28,797 - INFO - ROC AUC: 0.5
2024-03-31 14:26:28,797 - INFO - PRC AUC: 0.7514000000000001
2024-03-31 14:26:28,803 - INFO - Completed fine-tuning for ROBERTA
2024-03-31 14:26:35,909 - INFO - Evaluating ADVERSERIAL...
2024-03-31 14:26:35,910 - INFO - Accuracy: 0.56
2024-03-31 14:26:35,910 - INFO - Macro F1 Score: 0.358974358974359
2024-03-31 14:26:35,910 - INFO - Micro F1 Score: 0.56
2024-03-31 14:26:35,910 - INFO - Weighted F1 Score: 0.40205128205128204
2024-03-31 14:26:35,910 - INFO - Matthews Correlation Coefficient: 0.0
2024-03-31 14:26:35,910 - INFO - Cohen's Kappa Score: 0.0
2024-03-31 14:26:35,910 - INFO - ROC AUC: 0.5
2024-03-31 14:26:35,910 - INFO - PRC AUC: 0.78
2024-03-31 14:26:35,910 - INFO - EVALUATION COMPLETED FOR ROBERTA
2024-03-31 14:26:35,910 - INFO - Starting fine-tuning for BERT
2024-03-31 14:26:36,695 - INFO - Fine-tuning on finance
2024-03-31 14:27:49,605 - INFO - Fine-tuning on sst2
2024-03-31 16:19:14,462 - INFO - Fine-tuning on amazon
2024-03-31 17:20:27,118 - INFO - Evaluating Evaluating on imdb using model: bert...
2024-03-31 17:20:27,118 - INFO - Accuracy: 0.8965654952076677
2024-03-31 17:20:27,118 - INFO - Macro F1 Score: 0.8963255368535897
2024-03-31 17:20:27,118 - INFO - Micro F1 Score: 0.8964
2024-03-31 17:20:27,118 - INFO - Weighted F1 Score: 0.8963099773901607
2024-03-31 17:20:27,118 - INFO - Matthews Correlation Coefficient: 0.7945374624867425
2024-03-31 17:20:27,118 - INFO - Cohen's Kappa Score: 0.7928686681791253
2024-03-31 17:20:27,118 - INFO - ROC AUC: 0.8965781966922483
2024-03-31 17:20:27,118 - INFO - PRC AUC: 0.928538543340964
2024-03-31 17:20:27,127 - INFO - Completed fine-tuning for BERT
2024-03-31 17:20:32,435 - INFO - Evaluating ADVERSERIAL...
2024-03-31 17:20:32,435 - INFO - Accuracy: 0.8
2024-03-31 17:20:32,435 - INFO - Macro F1 Score: 0.797077922077922
2024-03-31 17:20:32,435 - INFO - Micro F1 Score: 0.8
2024-03-31 17:20:32,435 - INFO - Weighted F1 Score: 0.8
2024-03-31 17:20:32,435 - INFO - Matthews Correlation Coefficient: 0.5941558441558441
2024-03-31 17:20:32,435 - INFO - Cohen's Kappa Score: 0.5941558441558441
2024-03-31 17:20:32,435 - INFO - ROC AUC: 0.797077922077922
2024-03-31 17:20:32,435 - INFO - PRC AUC: 0.8714285714285714
2024-03-31 17:20:32,435 - INFO - EVALUATION COMPLETED FOR BERT
