2024-04-01 22:47:24,102 - INFO - Logging started
2024-04-01 22:47:24,103 - INFO - Logging initiated from: multi_benchmark.py
2024-04-01 22:47:24,103 - INFO - Combination is 413
2024-04-01 22:47:24,103 - INFO - Starting fine-tuning for DISTILBERT
2024-04-01 22:47:27,354 - INFO - Fine-tuning on sst2
2024-04-01 23:23:14,646 - INFO - Fine-tuning on finance
2024-04-01 23:23:39,868 - INFO - Fine-tuning on amazon
2024-04-01 23:43:25,577 - INFO - Evaluating Evaluating on imdb using model: distilbert...
2024-04-01 23:43:25,578 - INFO - Accuracy: 0.8985623003194888
2024-04-01 23:43:25,578 - INFO - Macro F1 Score: 0.8983999349759584
2024-04-01 23:43:25,578 - INFO - Micro F1 Score: 0.8984
2024-04-01 23:43:25,578 - INFO - Weighted F1 Score: 0.898399479807667
2024-04-01 23:43:25,578 - INFO - Matthews Correlation Coefficient: 0.7968734699781319
2024-04-01 23:43:25,578 - INFO - Cohen's Kappa Score: 0.7968081926936705
2024-04-01 23:43:25,578 - INFO - ROC AUC: 0.898432654848056
2024-04-01 23:43:25,578 - INFO - PRC AUC: 0.9253555105110014
2024-04-01 23:43:25,578 - INFO - Completed fine-tuning for DISTILBERT
2024-04-01 23:43:28,388 - INFO - Evaluating ADVERSERIAL...
2024-04-01 23:43:28,388 - INFO - Accuracy: 0.82
2024-04-01 23:43:28,388 - INFO - Macro F1 Score: 0.8181818181818182
2024-04-01 23:43:28,388 - INFO - Micro F1 Score: 0.82
2024-04-01 23:43:28,388 - INFO - Weighted F1 Score: 0.8203636363636364
2024-04-01 23:43:28,388 - INFO - Matthews Correlation Coefficient: 0.6370302645726269
2024-04-01 23:43:28,388 - INFO - Cohen's Kappa Score: 0.6365105008077545
2024-04-01 23:43:28,388 - INFO - ROC AUC: 0.8198051948051948
2024-04-01 23:43:28,388 - INFO - PRC AUC: 0.8866402116402117
2024-04-01 23:43:28,388 - INFO - EVALUATION COMPLETED FOR DISTILBERT
2024-04-01 23:43:28,388 - INFO - Starting fine-tuning for ROBERTA
2024-04-01 23:43:33,474 - INFO - Fine-tuning on sst2
2024-04-02 00:52:36,108 - INFO - Fine-tuning on finance
2024-04-02 00:53:22,484 - INFO - Fine-tuning on amazon
2024-04-02 01:31:05,024 - INFO - Evaluating Evaluating on imdb using model: roberta...
2024-04-02 01:31:05,025 - INFO - Accuracy: 0.5031948881789138
2024-04-02 01:31:05,025 - INFO - Macro F1 Score: 0.3345754591429332
2024-04-02 01:31:05,025 - INFO - Micro F1 Score: 0.5028
2024-04-02 01:31:05,025 - INFO - Weighted F1 Score: 0.3364490817141336
2024-04-02 01:31:05,025 - INFO - Matthews Correlation Coefficient: 0.0
2024-04-02 01:31:05,025 - INFO - Cohen's Kappa Score: 0.0
2024-04-02 01:31:05,025 - INFO - ROC AUC: 0.5
2024-04-02 01:31:05,025 - INFO - PRC AUC: 0.7514000000000001
2024-04-02 01:31:05,026 - INFO - Completed fine-tuning for ROBERTA
2024-04-02 01:31:08,591 - INFO - Evaluating ADVERSERIAL...
2024-04-02 01:31:08,591 - INFO - Accuracy: 0.56
2024-04-02 01:31:08,591 - INFO - Macro F1 Score: 0.358974358974359
2024-04-02 01:31:08,591 - INFO - Micro F1 Score: 0.56
2024-04-02 01:31:08,591 - INFO - Weighted F1 Score: 0.40205128205128204
2024-04-02 01:31:08,591 - INFO - Matthews Correlation Coefficient: 0.0
2024-04-02 01:31:08,591 - INFO - Cohen's Kappa Score: 0.0
2024-04-02 01:31:08,591 - INFO - ROC AUC: 0.5
2024-04-02 01:31:08,591 - INFO - PRC AUC: 0.78
2024-04-02 01:31:08,591 - INFO - EVALUATION COMPLETED FOR ROBERTA
2024-04-02 01:31:08,591 - INFO - Starting fine-tuning for BERT
2024-04-02 01:31:13,442 - INFO - Fine-tuning on sst2
2024-04-02 02:39:59,923 - INFO - Fine-tuning on finance
2024-04-02 02:40:46,133 - INFO - Fine-tuning on amazon
2024-04-02 03:18:22,851 - INFO - Evaluating Evaluating on imdb using model: bert...
2024-04-02 03:18:22,851 - INFO - Accuracy: 0.8961661341853036
2024-04-02 03:18:22,851 - INFO - Macro F1 Score: 0.8959946083604975
2024-04-02 03:18:22,851 - INFO - Micro F1 Score: 0.8960000000000001
2024-04-02 03:18:22,851 - INFO - Weighted F1 Score: 0.8959904148631065
2024-04-02 03:18:22,851 - INFO - Matthews Correlation Coefficient: 0.7922828930357284
2024-04-02 03:18:22,851 - INFO - Cohen's Kappa Score: 0.7920232933911402
2024-04-02 03:18:22,851 - INFO - ROC AUC: 0.8960684207056733
2024-04-02 03:18:22,851 - INFO - PRC AUC: 0.9245946065299628
2024-04-02 03:18:22,854 - INFO - Completed fine-tuning for BERT
2024-04-02 03:18:25,585 - INFO - Evaluating ADVERSERIAL...
2024-04-02 03:18:25,585 - INFO - Accuracy: 0.82
2024-04-02 03:18:25,585 - INFO - Macro F1 Score: 0.8193496587715776
2024-04-02 03:18:25,585 - INFO - Micro F1 Score: 0.82
2024-04-02 03:18:25,585 - INFO - Weighted F1 Score: 0.8206503412284224
2024-04-02 03:18:25,585 - INFO - Matthews Correlation Coefficient: 0.6446583712203042
2024-04-02 03:18:25,585 - INFO - Cohen's Kappa Score: 0.64
2024-04-02 03:18:25,585 - INFO - ROC AUC: 0.8246753246753247
2024-04-02 03:18:25,585 - INFO - PRC AUC: 0.8928571428571428
2024-04-02 03:18:25,585 - INFO - EVALUATION COMPLETED FOR BERT
