2024-04-01 14:13:47,946 - INFO - Logging started
2024-04-01 14:13:47,946 - INFO - Logging initiated from: multi_benchmark.py
2024-04-01 14:13:47,946 - INFO - Combination is 214
2024-04-01 14:13:47,946 - INFO - Starting fine-tuning for DISTILBERT
2024-04-01 14:13:59,064 - INFO - Fine-tuning on imdb
2024-04-01 14:30:32,870 - INFO - Fine-tuning on finance
2024-04-01 14:31:00,297 - INFO - Fine-tuning on sst2
2024-04-01 15:13:33,515 - INFO - Evaluating Evaluating on amazon using model: distilbert...
2024-04-01 15:13:33,515 - INFO - Accuracy: 0.873
2024-04-01 15:13:33,515 - INFO - Macro F1 Score: 0.872984631140368
2024-04-01 15:13:33,515 - INFO - Micro F1 Score: 0.8729999999999999
2024-04-01 15:13:33,515 - INFO - Weighted F1 Score: 0.8729580849282763
2024-04-01 15:13:33,515 - INFO - Matthews Correlation Coefficient: 0.7475424037754117
2024-04-01 15:13:33,515 - INFO - Cohen's Kappa Score: 0.7461977119823657
2024-04-01 15:13:33,515 - INFO - ROC AUC: 0.8735243422875658
2024-04-01 15:13:33,515 - INFO - PRC AUC: 0.9116401758148873
2024-04-01 15:13:33,515 - INFO - Completed fine-tuning for DISTILBERT
2024-04-01 15:13:41,690 - INFO - Evaluating ADVERSERIAL...
2024-04-01 15:13:41,690 - INFO - Accuracy: 0.86
2024-04-01 15:13:41,690 - INFO - Macro F1 Score: 0.8572011423908609
2024-04-01 15:13:41,690 - INFO - Micro F1 Score: 0.8599999999999999
2024-04-01 15:13:41,690 - INFO - Weighted F1 Score: 0.8596001631986944
2024-04-01 15:13:41,690 - INFO - Matthews Correlation Coefficient: 0.7151137162376162
2024-04-01 15:13:41,690 - INFO - Cohen's Kappa Score: 0.7145187601957586
2024-04-01 15:13:41,690 - INFO - ROC AUC: 0.8555194805194805
2024-04-01 15:13:41,690 - INFO - PRC AUC: 0.9074630541871922
2024-04-01 15:13:41,690 - INFO - EVALUATION COMPLETED FOR DISTILBERT
2024-04-01 15:13:41,690 - INFO - Starting fine-tuning for ROBERTA
2024-04-01 15:13:59,873 - INFO - Fine-tuning on imdb
