2024-04-01 18:32:47,372 - INFO - Logging started
2024-04-01 18:32:47,372 - INFO - Logging initiated from: multi_benchmark.py
2024-04-01 18:32:47,372 - INFO - Combination is 231
2024-04-01 18:32:47,372 - INFO - Starting fine-tuning for DISTILBERT
2024-04-01 18:32:48,203 - INFO - Fine-tuning on imdb
2024-04-01 18:46:35,946 - INFO - Fine-tuning on amazon
2024-04-01 19:06:15,525 - INFO - Fine-tuning on finance
2024-04-01 19:06:53,527 - INFO - Evaluating Evaluating on sst2 using model: distilbert...
2024-04-01 19:06:53,528 - INFO - Accuracy: 0.8451834862385321
2024-04-01 19:06:53,528 - INFO - Macro F1 Score: 0.8445191412363713
2024-04-01 19:06:53,528 - INFO - Micro F1 Score: 0.8451834862385322
2024-04-01 19:06:53,528 - INFO - Weighted F1 Score: 0.8447056240439953
2024-04-01 19:06:53,528 - INFO - Matthews Correlation Coefficient: 0.6928099096180445
2024-04-01 19:06:53,528 - INFO - Cohen's Kappa Score: 0.689727153881837
2024-04-01 19:06:53,528 - INFO - ROC AUC: 0.844268333754315
2024-04-01 19:06:53,528 - INFO - PRC AUC: 0.8832999638719397
2024-04-01 19:06:53,528 - INFO - Completed fine-tuning for DISTILBERT
2024-04-01 19:07:02,155 - INFO - Evaluating ADVERSERIAL...
2024-04-01 19:07:02,155 - INFO - Accuracy: 0.78
2024-04-01 19:07:02,155 - INFO - Macro F1 Score: 0.7756017951856385
2024-04-01 19:07:02,155 - INFO - Micro F1 Score: 0.78
2024-04-01 19:07:02,155 - INFO - Weighted F1 Score: 0.7793716850265199
2024-04-01 19:07:02,155 - INFO - Matthews Correlation Coefficient: 0.5518457444938683
2024-04-01 19:07:02,155 - INFO - Cohen's Kappa Score: 0.5513866231647635
2024-04-01 19:07:02,155 - INFO - ROC AUC: 0.7743506493506493
2024-04-01 19:07:02,155 - INFO - PRC AUC: 0.8572660098522167
2024-04-01 19:07:02,155 - INFO - EVALUATION COMPLETED FOR DISTILBERT
2024-04-01 19:07:02,155 - INFO - Starting fine-tuning for ROBERTA
2024-04-01 19:07:02,841 - INFO - Fine-tuning on imdb
2024-04-01 19:33:44,813 - INFO - Fine-tuning on amazon
2024-04-01 20:11:43,104 - INFO - Fine-tuning on finance
2024-04-01 20:12:41,808 - INFO - Evaluating Evaluating on sst2 using model: roberta...
2024-04-01 20:12:41,808 - INFO - Accuracy: 0.5091743119266054
2024-04-01 20:12:41,808 - INFO - Macro F1 Score: 0.33738601823708203
2024-04-01 20:12:41,808 - INFO - Micro F1 Score: 0.5091743119266054
2024-04-01 20:12:41,808 - INFO - Weighted F1 Score: 0.34357658737904684
2024-04-01 20:12:41,808 - INFO - Matthews Correlation Coefficient: 0.0
2024-04-01 20:12:41,808 - INFO - Cohen's Kappa Score: 0.0
2024-04-01 20:12:41,808 - INFO - ROC AUC: 0.5
2024-04-01 20:12:41,808 - INFO - PRC AUC: 0.7545871559633027
2024-04-01 20:12:41,810 - INFO - Completed fine-tuning for ROBERTA
2024-04-01 20:12:50,944 - INFO - Evaluating ADVERSERIAL...
2024-04-01 20:12:50,944 - INFO - Accuracy: 0.56
2024-04-01 20:12:50,944 - INFO - Macro F1 Score: 0.358974358974359
2024-04-01 20:12:50,944 - INFO - Micro F1 Score: 0.56
2024-04-01 20:12:50,944 - INFO - Weighted F1 Score: 0.40205128205128204
2024-04-01 20:12:50,944 - INFO - Matthews Correlation Coefficient: 0.0
2024-04-01 20:12:50,944 - INFO - Cohen's Kappa Score: 0.0
2024-04-01 20:12:50,944 - INFO - ROC AUC: 0.5
2024-04-01 20:12:50,944 - INFO - PRC AUC: 0.78
2024-04-01 20:12:50,945 - INFO - EVALUATION COMPLETED FOR ROBERTA
2024-04-01 20:12:50,945 - INFO - Starting fine-tuning for BERT
2024-04-01 20:12:51,562 - INFO - Fine-tuning on imdb
2024-04-01 20:39:29,044 - INFO - Fine-tuning on amazon
2024-04-01 21:17:46,181 - INFO - Fine-tuning on finance
2024-04-01 21:18:57,573 - INFO - Evaluating Evaluating on sst2 using model: bert...
2024-04-01 21:18:57,573 - INFO - Accuracy: 0.8600917431192661
2024-04-01 21:18:57,573 - INFO - Macro F1 Score: 0.8594700272119626
2024-04-01 21:18:57,573 - INFO - Micro F1 Score: 0.8600917431192661
2024-04-01 21:18:57,573 - INFO - Weighted F1 Score: 0.8596415350484602
2024-04-01 21:18:57,573 - INFO - Matthews Correlation Coefficient: 0.7229699081666389
2024-04-01 21:18:57,573 - INFO - Cohen's Kappa Score: 0.7195934547908232
2024-04-01 21:18:57,573 - INFO - ROC AUC: 0.8591605624315906
2024-04-01 21:18:57,573 - INFO - PRC AUC: 0.8935285948537732
2024-04-01 21:18:57,576 - INFO - Completed fine-tuning for BERT
2024-04-01 21:19:00,557 - INFO - Evaluating ADVERSERIAL...
2024-04-01 21:19:00,557 - INFO - Accuracy: 0.8
2024-04-01 21:19:00,557 - INFO - Macro F1 Score: 0.797077922077922
2024-04-01 21:19:00,557 - INFO - Micro F1 Score: 0.8000000000000002
2024-04-01 21:19:00,557 - INFO - Weighted F1 Score: 0.8
2024-04-01 21:19:00,557 - INFO - Matthews Correlation Coefficient: 0.5941558441558441
2024-04-01 21:19:00,557 - INFO - Cohen's Kappa Score: 0.5941558441558441
2024-04-01 21:19:00,557 - INFO - ROC AUC: 0.797077922077922
2024-04-01 21:19:00,557 - INFO - PRC AUC: 0.8714285714285714
2024-04-01 21:19:00,557 - INFO - EVALUATION COMPLETED FOR BERT
