2024-04-02 15:50:10,381 - INFO - Logging started
2024-04-02 15:50:10,381 - INFO - Logging initiated from: multi_benchmark.py
2024-04-02 15:50:10,381 - INFO - Combination is 132
2024-04-02 15:50:10,382 - INFO - Starting fine-tuning for DISTILBERT
2024-04-02 15:50:10,895 - INFO - Fine-tuning on finance
2024-04-02 15:50:35,910 - INFO - Fine-tuning on amazon
2024-04-02 16:09:53,228 - INFO - Fine-tuning on imdb
2024-04-02 16:23:42,696 - INFO - Evaluating Evaluating on sst2 using model: distilbert...
2024-04-02 16:23:42,696 - INFO - Accuracy: 0.8474770642201835
2024-04-02 16:23:42,696 - INFO - Macro F1 Score: 0.8469939299430198
2024-04-02 16:23:42,696 - INFO - Micro F1 Score: 0.8474770642201835
2024-04-02 16:23:42,696 - INFO - Weighted F1 Score: 0.8471516880743385
2024-04-02 16:23:42,696 - INFO - Matthews Correlation Coefficient: 0.6964314840184348
2024-04-02 16:23:42,696 - INFO - Cohen's Kappa Score: 0.6944268791366299
2024-04-02 16:23:42,696 - INFO - ROC AUC: 0.8467310768712638
2024-04-02 16:23:42,696 - INFO - PRC AUC: 0.8853613220282772
2024-04-02 16:23:42,697 - INFO - Completed fine-tuning for DISTILBERT
2024-04-02 16:23:49,014 - INFO - Evaluating ADVERSERIAL...
2024-04-02 16:23:49,014 - INFO - Accuracy: 0.78
2024-04-02 16:23:49,014 - INFO - Macro F1 Score: 0.7756017951856385
2024-04-02 16:23:49,014 - INFO - Micro F1 Score: 0.78
2024-04-02 16:23:49,014 - INFO - Weighted F1 Score: 0.7793716850265199
2024-04-02 16:23:49,014 - INFO - Matthews Correlation Coefficient: 0.5518457444938683
2024-04-02 16:23:49,014 - INFO - Cohen's Kappa Score: 0.5513866231647635
2024-04-02 16:23:49,014 - INFO - ROC AUC: 0.7743506493506493
2024-04-02 16:23:49,014 - INFO - PRC AUC: 0.8572660098522167
2024-04-02 16:23:49,015 - INFO - EVALUATION COMPLETED FOR DISTILBERT
2024-04-02 16:23:49,015 - INFO - Starting fine-tuning for ROBERTA
2024-04-02 16:23:49,987 - INFO - Fine-tuning on finance
2024-04-02 16:24:35,978 - INFO - Fine-tuning on amazon
2024-04-02 17:02:02,441 - INFO - Fine-tuning on imdb
2024-04-02 17:30:58,855 - INFO - Evaluating Evaluating on sst2 using model: roberta...
2024-04-02 17:30:58,858 - INFO - Accuracy: 0.5091743119266054
2024-04-02 17:30:58,858 - INFO - Macro F1 Score: 0.33738601823708203
2024-04-02 17:30:58,858 - INFO - Micro F1 Score: 0.5091743119266054
2024-04-02 17:30:58,858 - INFO - Weighted F1 Score: 0.34357658737904684
2024-04-02 17:30:58,858 - INFO - Matthews Correlation Coefficient: 0.0
2024-04-02 17:30:58,858 - INFO - Cohen's Kappa Score: 0.0
2024-04-02 17:30:58,858 - INFO - ROC AUC: 0.5
2024-04-02 17:30:58,858 - INFO - PRC AUC: 0.7545871559633027
2024-04-02 17:30:58,859 - INFO - Completed fine-tuning for ROBERTA
2024-04-02 17:31:10,321 - INFO - Evaluating ADVERSERIAL...
2024-04-02 17:31:10,321 - INFO - Accuracy: 0.56
2024-04-02 17:31:10,321 - INFO - Macro F1 Score: 0.358974358974359
2024-04-02 17:31:10,321 - INFO - Micro F1 Score: 0.56
2024-04-02 17:31:10,321 - INFO - Weighted F1 Score: 0.40205128205128204
2024-04-02 17:31:10,321 - INFO - Matthews Correlation Coefficient: 0.0
2024-04-02 17:31:10,321 - INFO - Cohen's Kappa Score: 0.0
2024-04-02 17:31:10,321 - INFO - ROC AUC: 0.5
2024-04-02 17:31:10,321 - INFO - PRC AUC: 0.78
2024-04-02 17:31:10,321 - INFO - EVALUATION COMPLETED FOR ROBERTA
2024-04-02 17:31:10,321 - INFO - Starting fine-tuning for BERT
2024-04-02 17:31:20,257 - INFO - Fine-tuning on finance
2024-04-02 17:32:10,663 - INFO - Fine-tuning on amazon
2024-04-02 18:09:33,271 - INFO - Fine-tuning on imdb
2024-04-02 18:35:58,856 - INFO - Evaluating Evaluating on sst2 using model: bert...
2024-04-02 18:35:58,858 - INFO - Accuracy: 0.856651376146789
2024-04-02 18:35:58,858 - INFO - Macro F1 Score: 0.856036241885529
2024-04-02 18:35:58,858 - INFO - Micro F1 Score: 0.856651376146789
2024-04-02 18:35:58,858 - INFO - Weighted F1 Score: 0.8562089111518476
2024-04-02 18:35:58,858 - INFO - Matthews Correlation Coefficient: 0.7158958073736517
2024-04-02 18:35:58,858 - INFO - Cohen's Kappa Score: 0.7127103276683675
2024-04-02 18:35:58,858 - INFO - ROC AUC: 0.8557400858802727
2024-04-02 18:35:58,858 - INFO - PRC AUC: 0.8912182612007639
2024-04-02 18:35:58,861 - INFO - Completed fine-tuning for BERT
2024-04-02 18:36:08,493 - INFO - Evaluating ADVERSERIAL...
2024-04-02 18:36:08,493 - INFO - Accuracy: 0.8
2024-04-02 18:36:08,493 - INFO - Macro F1 Score: 0.797077922077922
2024-04-02 18:36:08,493 - INFO - Micro F1 Score: 0.8000000000000002
2024-04-02 18:36:08,493 - INFO - Weighted F1 Score: 0.8
2024-04-02 18:36:08,493 - INFO - Matthews Correlation Coefficient: 0.5941558441558441
2024-04-02 18:36:08,493 - INFO - Cohen's Kappa Score: 0.5941558441558441
2024-04-02 18:36:08,493 - INFO - ROC AUC: 0.797077922077922
2024-04-02 18:36:08,493 - INFO - PRC AUC: 0.8714285714285714
2024-04-02 18:36:08,493 - INFO - EVALUATION COMPLETED FOR BERT
