2024-04-01 22:48:07,783 - INFO - Logging started
2024-04-01 22:48:07,784 - INFO - Logging initiated from: multi_benchmark.py
2024-04-01 22:48:07,784 - INFO - Combination is 431
2024-04-01 22:48:07,784 - INFO - Starting fine-tuning for DISTILBERT
2024-04-01 22:48:10,944 - INFO - Fine-tuning on sst2
2024-04-01 23:24:33,843 - INFO - Fine-tuning on amazon
2024-04-01 23:44:13,954 - INFO - Fine-tuning on finance
2024-04-01 23:45:04,253 - INFO - Evaluating Evaluating on imdb using model: distilbert...
2024-04-01 23:45:04,254 - INFO - Accuracy: 0.8869808306709265
2024-04-01 23:45:04,254 - INFO - Macro F1 Score: 0.8867991125050421
2024-04-01 23:45:04,254 - INFO - Micro F1 Score: 0.8868
2024-04-01 23:45:04,254 - INFO - Weighted F1 Score: 0.8868008874949579
2024-04-01 23:45:04,254 - INFO - Matthews Correlation Coefficient: 0.7736121303333061
2024-04-01 23:45:04,254 - INFO - Cohen's Kappa Score: 0.7736000000000001
2024-04-01 23:45:04,254 - INFO - ROC AUC: 0.8868121304284103
2024-04-01 23:45:04,254 - INFO - PRC AUC: 0.9161229912490055
2024-04-01 23:45:04,254 - INFO - Completed fine-tuning for DISTILBERT
2024-04-01 23:45:07,062 - INFO - Evaluating ADVERSERIAL...
2024-04-01 23:45:07,062 - INFO - Accuracy: 0.78
2024-04-01 23:45:07,062 - INFO - Macro F1 Score: 0.7777777777777777
2024-04-01 23:45:07,062 - INFO - Micro F1 Score: 0.78
2024-04-01 23:45:07,062 - INFO - Weighted F1 Score: 0.7804444444444444
2024-04-01 23:45:07,062 - INFO - Matthews Correlation Coefficient: 0.5561888604390448
2024-04-01 23:45:07,062 - INFO - Cohen's Kappa Score: 0.555735056542811
2024-04-01 23:45:07,062 - INFO - ROC AUC: 0.7792207792207791
2024-04-01 23:45:07,062 - INFO - PRC AUC: 0.8602645502645503
2024-04-01 23:45:07,062 - INFO - EVALUATION COMPLETED FOR DISTILBERT
2024-04-01 23:45:07,062 - INFO - Starting fine-tuning for ROBERTA
2024-04-01 23:45:12,277 - INFO - Fine-tuning on sst2
2024-04-02 00:55:18,591 - INFO - Fine-tuning on amazon
2024-04-02 01:32:55,559 - INFO - Fine-tuning on finance
2024-04-02 01:34:12,457 - INFO - Evaluating Evaluating on imdb using model: roberta...
2024-04-02 01:34:12,458 - INFO - Accuracy: 0.5031948881789138
2024-04-02 01:34:12,458 - INFO - Macro F1 Score: 0.3345754591429332
2024-04-02 01:34:12,458 - INFO - Micro F1 Score: 0.5028
2024-04-02 01:34:12,458 - INFO - Weighted F1 Score: 0.3364490817141336
2024-04-02 01:34:12,458 - INFO - Matthews Correlation Coefficient: 0.0
2024-04-02 01:34:12,458 - INFO - Cohen's Kappa Score: 0.0
2024-04-02 01:34:12,458 - INFO - ROC AUC: 0.5
2024-04-02 01:34:12,458 - INFO - PRC AUC: 0.7514000000000001
2024-04-02 01:34:12,460 - INFO - Completed fine-tuning for ROBERTA
2024-04-02 01:34:15,500 - INFO - Evaluating ADVERSERIAL...
2024-04-02 01:34:15,500 - INFO - Accuracy: 0.56
2024-04-02 01:34:15,500 - INFO - Macro F1 Score: 0.358974358974359
2024-04-02 01:34:15,500 - INFO - Micro F1 Score: 0.56
2024-04-02 01:34:15,500 - INFO - Weighted F1 Score: 0.40205128205128204
2024-04-02 01:34:15,500 - INFO - Matthews Correlation Coefficient: 0.0
2024-04-02 01:34:15,500 - INFO - Cohen's Kappa Score: 0.0
2024-04-02 01:34:15,500 - INFO - ROC AUC: 0.5
2024-04-02 01:34:15,500 - INFO - PRC AUC: 0.78
2024-04-02 01:34:15,500 - INFO - EVALUATION COMPLETED FOR ROBERTA
2024-04-02 01:34:15,500 - INFO - Starting fine-tuning for BERT
2024-04-02 01:34:20,275 - INFO - Fine-tuning on sst2
2024-04-02 02:44:12,925 - INFO - Fine-tuning on amazon
2024-04-02 03:21:43,145 - INFO - Fine-tuning on finance
2024-04-02 03:23:01,279 - INFO - Evaluating Evaluating on imdb using model: bert...
2024-04-02 03:23:01,280 - INFO - Accuracy: 0.8945686900958466
2024-04-02 03:23:01,280 - INFO - Macro F1 Score: 0.8942629648023839
2024-04-02 03:23:01,280 - INFO - Micro F1 Score: 0.8944
2024-04-02 03:23:01,280 - INFO - Weighted F1 Score: 0.8942416482160879
2024-04-02 03:23:01,280 - INFO - Matthews Correlation Coefficient: 0.7916340497001381
2024-04-02 03:23:01,280 - INFO - Cohen's Kappa Score: 0.7888917392058108
2024-04-02 03:23:01,280 - INFO - ROC AUC: 0.8946296555859992
2024-04-02 03:23:01,280 - INFO - PRC AUC: 0.9289177572118255
2024-04-02 03:23:01,283 - INFO - Completed fine-tuning for BERT
2024-04-02 03:23:04,244 - INFO - Evaluating ADVERSERIAL...
2024-04-02 03:23:04,244 - INFO - Accuracy: 0.82
2024-04-02 03:23:04,244 - INFO - Macro F1 Score: 0.8164014687882497
2024-04-02 03:23:04,244 - INFO - Micro F1 Score: 0.82
2024-04-02 03:23:04,244 - INFO - Weighted F1 Score: 0.819485924112607
2024-04-02 03:23:04,244 - INFO - Matthews Correlation Coefficient: 0.6334797303657422
2024-04-02 03:23:04,244 - INFO - Cohen's Kappa Score: 0.632952691680261
2024-04-02 03:23:04,244 - INFO - ROC AUC: 0.814935064935065
2024-04-02 03:23:04,244 - INFO - PRC AUC: 0.8823645320197044
2024-04-02 03:23:04,244 - INFO - EVALUATION COMPLETED FOR BERT
