2024-03-31 21:01:24,590 - INFO - Logging started
2024-03-31 21:01:24,591 - INFO - Logging initiated from: multi_benchmark.py
2024-03-31 21:01:24,591 - INFO - Combination is 312
2024-03-31 21:01:24,591 - INFO - Starting fine-tuning for DISTILBERT
2024-03-31 21:01:25,755 - INFO - Fine-tuning on amazon
2024-03-31 21:01:30,549 - WARNING - Detected kernel version 3.10.0, which is below the recommended minimum of 5.5.0; this can cause the process to hang. It is recommended to upgrade the kernel to the minimum version or higher.
2024-03-31 21:31:42,925 - INFO - Fine-tuning on finance
2024-03-31 21:31:45,457 - WARNING - Detected kernel version 3.10.0, which is below the recommended minimum of 5.5.0; this can cause the process to hang. It is recommended to upgrade the kernel to the minimum version or higher.
2024-03-31 21:32:20,758 - INFO - Fine-tuning on imdb
2024-03-31 21:32:29,664 - WARNING - Detected kernel version 3.10.0, which is below the recommended minimum of 5.5.0; this can cause the process to hang. It is recommended to upgrade the kernel to the minimum version or higher.
2024-03-31 21:53:46,219 - INFO - Evaluating Evaluating on sst2 using model: distilbert...
2024-03-31 21:53:46,219 - INFO - Accuracy: 0.8509174311926605
2024-03-31 21:53:46,220 - INFO - Macro F1 Score: 0.8495873470795849
2024-03-31 21:53:46,220 - INFO - Micro F1 Score: 0.8509174311926605
2024-03-31 21:53:46,220 - INFO - Weighted F1 Score: 0.8498468756870143
2024-03-31 21:53:46,220 - INFO - Matthews Correlation Coefficient: 0.709126658038264
2024-03-31 21:53:46,220 - INFO - Cohen's Kappa Score: 0.700903411009794
2024-03-31 21:53:46,220 - INFO - ROC AUC: 0.8494779826555527
2024-03-31 21:53:46,220 - INFO - PRC AUC: 0.886234156444626
2024-03-31 21:53:46,220 - INFO - Completed fine-tuning for DISTILBERT
2024-03-31 21:53:58,613 - INFO - Evaluating ADVERSERIAL...
2024-03-31 21:53:58,613 - INFO - Accuracy: 0.8
2024-03-31 21:53:58,613 - INFO - Macro F1 Score: 0.797077922077922
2024-03-31 21:53:58,613 - INFO - Micro F1 Score: 0.8000000000000002
2024-03-31 21:53:58,613 - INFO - Weighted F1 Score: 0.8
2024-03-31 21:53:58,613 - INFO - Matthews Correlation Coefficient: 0.5941558441558441
2024-03-31 21:53:58,613 - INFO - Cohen's Kappa Score: 0.5941558441558441
2024-03-31 21:53:58,613 - INFO - ROC AUC: 0.797077922077922
2024-03-31 21:53:58,613 - INFO - PRC AUC: 0.8714285714285714
2024-03-31 21:53:58,614 - INFO - EVALUATION COMPLETED FOR DISTILBERT
2024-03-31 21:53:58,614 - INFO - Starting fine-tuning for ROBERTA
2024-03-31 21:53:59,414 - INFO - Fine-tuning on amazon
2024-03-31 21:54:05,843 - WARNING - Detected kernel version 3.10.0, which is below the recommended minimum of 5.5.0; this can cause the process to hang. It is recommended to upgrade the kernel to the minimum version or higher.
2024-03-31 22:50:55,197 - INFO - Fine-tuning on finance
2024-03-31 22:51:00,208 - WARNING - Detected kernel version 3.10.0, which is below the recommended minimum of 5.5.0; this can cause the process to hang. It is recommended to upgrade the kernel to the minimum version or higher.
2024-03-31 22:52:06,870 - INFO - Fine-tuning on imdb
2024-03-31 22:52:18,658 - WARNING - Detected kernel version 3.10.0, which is below the recommended minimum of 5.5.0; this can cause the process to hang. It is recommended to upgrade the kernel to the minimum version or higher.
2024-03-31 23:32:19,183 - INFO - Evaluating Evaluating on sst2 using model: roberta...
2024-03-31 23:32:19,184 - INFO - Accuracy: 0.8784403669724771
2024-03-31 23:32:19,184 - INFO - Macro F1 Score: 0.8776059322033898
2024-03-31 23:32:19,184 - INFO - Micro F1 Score: 0.8784403669724771
2024-03-31 23:32:19,184 - INFO - Weighted F1 Score: 0.8777913621520759
2024-03-31 23:32:19,184 - INFO - Matthews Correlation Coefficient: 0.7625746870015134
2024-03-31 23:32:19,184 - INFO - Cohen's Kappa Score: 0.7562241539370411
2024-03-31 23:32:19,184 - INFO - ROC AUC: 0.8772206786225478
2024-03-31 23:32:19,184 - INFO - PRC AUC: 0.905181709232168
2024-03-31 23:32:19,190 - INFO - Completed fine-tuning for ROBERTA
2024-03-31 23:32:24,151 - INFO - Evaluating ADVERSERIAL...
2024-03-31 23:32:24,151 - INFO - Accuracy: 0.86
2024-03-31 23:32:24,151 - INFO - Macro F1 Score: 0.8572011423908609
2024-03-31 23:32:24,151 - INFO - Micro F1 Score: 0.8599999999999999
2024-03-31 23:32:24,151 - INFO - Weighted F1 Score: 0.8596001631986944
2024-03-31 23:32:24,151 - INFO - Matthews Correlation Coefficient: 0.7151137162376162
2024-03-31 23:32:24,151 - INFO - Cohen's Kappa Score: 0.7145187601957586
2024-03-31 23:32:24,152 - INFO - ROC AUC: 0.8555194805194805
2024-03-31 23:32:24,152 - INFO - PRC AUC: 0.9074630541871922
2024-03-31 23:32:24,152 - INFO - EVALUATION COMPLETED FOR ROBERTA
2024-03-31 23:32:24,153 - INFO - Starting fine-tuning for BERT
2024-03-31 23:32:24,845 - INFO - Fine-tuning on amazon
2024-03-31 23:32:28,979 - WARNING - Detected kernel version 3.10.0, which is below the recommended minimum of 5.5.0; this can cause the process to hang. It is recommended to upgrade the kernel to the minimum version or higher.
2024-04-01 00:27:53,306 - INFO - Fine-tuning on finance
2024-04-01 00:27:56,310 - WARNING - Detected kernel version 3.10.0, which is below the recommended minimum of 5.5.0; this can cause the process to hang. It is recommended to upgrade the kernel to the minimum version or higher.
2024-04-01 00:29:01,366 - INFO - Fine-tuning on imdb
2024-04-01 00:29:10,301 - WARNING - Detected kernel version 3.10.0, which is below the recommended minimum of 5.5.0; this can cause the process to hang. It is recommended to upgrade the kernel to the minimum version or higher.
2024-04-01 01:08:01,976 - INFO - Evaluating Evaluating on sst2 using model: bert...
2024-04-01 01:08:01,976 - INFO - Accuracy: 0.8543577981651376
2024-04-01 01:08:01,976 - INFO - Macro F1 Score: 0.8535440297609365
2024-04-01 01:08:01,976 - INFO - Micro F1 Score: 0.8543577981651377
2024-04-01 01:08:01,976 - INFO - Weighted F1 Score: 0.853744341983509
2024-04-01 01:08:01,976 - INFO - Matthews Correlation Coefficient: 0.7125512162448436
2024-04-01 01:08:01,976 - INFO - Cohen's Kappa Score: 0.708015186669479
2024-04-01 01:08:01,976 - INFO - ROC AUC: 0.8532773427633241
2024-04-01 01:08:01,977 - INFO - PRC AUC: 0.8891939735015736
2024-04-01 01:08:01,989 - INFO - Completed fine-tuning for BERT
2024-04-01 01:08:09,566 - INFO - Evaluating ADVERSERIAL...
2024-04-01 01:08:09,567 - INFO - Accuracy: 0.82
2024-04-01 01:08:09,567 - INFO - Macro F1 Score: 0.8139727159983463
2024-04-01 01:08:09,567 - INFO - Micro F1 Score: 0.82
2024-04-01 01:08:09,567 - INFO - Weighted F1 Score: 0.8179909053327822
2024-04-01 01:08:09,567 - INFO - Matthews Correlation Coefficient: 0.6341841146888
2024-04-01 01:08:09,567 - INFO - Cohen's Kappa Score: 0.6293245469522241
2024-04-01 01:08:09,567 - INFO - ROC AUC: 0.810064935064935
2024-04-01 01:08:09,567 - INFO - PRC AUC: 0.8796543778801844
2024-04-01 01:08:09,567 - INFO - EVALUATION COMPLETED FOR BERT
