2024-04-01 22:45:23,173 - INFO - Logging started
2024-04-01 22:45:23,173 - INFO - Logging initiated from: multi_benchmark.py
2024-04-01 22:45:23,173 - INFO - Combination is 342
2024-04-01 22:45:23,173 - INFO - Starting fine-tuning for DISTILBERT
2024-04-01 22:45:26,393 - INFO - Fine-tuning on amazon
2024-04-01 23:04:53,141 - INFO - Fine-tuning on sst2
2024-04-01 23:40:56,964 - INFO - Fine-tuning on imdb
2024-04-01 23:54:43,953 - INFO - Evaluating Evaluating on finance using model: distilbert...
2024-04-01 23:54:43,953 - INFO - Accuracy: 0.6971428571428572
2024-04-01 23:54:43,953 - INFO - Macro F1 Score: 0.6767053574540766
2024-04-01 23:54:43,953 - INFO - Micro F1 Score: 0.6971428571428572
2024-04-01 23:54:43,953 - INFO - Weighted F1 Score: 0.7031812093236334
2024-04-01 23:54:43,953 - INFO - Matthews Correlation Coefficient: 0.36172169525298253
2024-04-01 23:54:43,953 - INFO - Cohen's Kappa Score: 0.3571973109709612
2024-04-01 23:54:43,953 - INFO - ROC AUC: 0.6882670952659263
2024-04-01 23:54:43,953 - INFO - PRC AUC: 0.8549569563345928
2024-04-01 23:54:43,953 - INFO - Completed fine-tuning for DISTILBERT
2024-04-01 23:54:47,028 - INFO - Evaluating ADVERSERIAL...
2024-04-01 23:54:47,028 - INFO - Accuracy: 0.8
2024-04-01 23:54:47,028 - INFO - Macro F1 Score: 0.7996794871794872
2024-04-01 23:54:47,028 - INFO - Micro F1 Score: 0.8000000000000002
2024-04-01 23:54:47,028 - INFO - Weighted F1 Score: 0.8006410256410257
2024-04-01 23:54:47,028 - INFO - Matthews Correlation Coefficient: 0.6096901081467765
2024-04-01 23:54:47,028 - INFO - Cohen's Kappa Score: 0.6019108280254777
2024-04-01 23:54:47,028 - INFO - ROC AUC: 0.8068181818181819
2024-04-01 23:54:47,028 - INFO - PRC AUC: 0.8825000000000001
2024-04-01 23:54:47,028 - INFO - EVALUATION COMPLETED FOR DISTILBERT
2024-04-01 23:54:47,028 - INFO - Starting fine-tuning for ROBERTA
2024-04-01 23:54:54,347 - INFO - Fine-tuning on amazon
2024-04-02 00:32:11,865 - INFO - Fine-tuning on sst2
2024-04-02 01:41:45,789 - INFO - Fine-tuning on imdb
2024-04-02 02:08:04,432 - INFO - Evaluating Evaluating on finance using model: roberta...
2024-04-02 02:08:04,433 - INFO - Accuracy: 0.6628571428571428
2024-04-02 02:08:04,433 - INFO - Macro F1 Score: 0.3986254295532646
2024-04-02 02:08:04,433 - INFO - Micro F1 Score: 0.6628571428571428
2024-04-02 02:08:04,433 - INFO - Weighted F1 Score: 0.5284634266077565
2024-04-02 02:08:04,433 - INFO - Matthews Correlation Coefficient: 0.0
2024-04-02 02:08:04,433 - INFO - Cohen's Kappa Score: 0.0
2024-04-02 02:08:04,433 - INFO - ROC AUC: 0.5
2024-04-02 02:08:04,433 - INFO - PRC AUC: 0.8314285714285714
2024-04-02 02:08:04,434 - INFO - Completed fine-tuning for ROBERTA
2024-04-02 02:08:08,167 - INFO - Evaluating ADVERSERIAL...
2024-04-02 02:08:08,167 - INFO - Accuracy: 0.56
2024-04-02 02:08:08,167 - INFO - Macro F1 Score: 0.358974358974359
2024-04-02 02:08:08,167 - INFO - Micro F1 Score: 0.56
2024-04-02 02:08:08,167 - INFO - Weighted F1 Score: 0.40205128205128204
2024-04-02 02:08:08,167 - INFO - Matthews Correlation Coefficient: 0.0
2024-04-02 02:08:08,167 - INFO - Cohen's Kappa Score: 0.0
2024-04-02 02:08:08,167 - INFO - ROC AUC: 0.5
2024-04-02 02:08:08,167 - INFO - PRC AUC: 0.78
2024-04-02 02:08:08,167 - INFO - EVALUATION COMPLETED FOR ROBERTA
2024-04-02 02:08:08,167 - INFO - Starting fine-tuning for BERT
2024-04-02 02:08:12,696 - INFO - Fine-tuning on amazon
2024-04-02 02:45:23,140 - INFO - Fine-tuning on sst2
2024-04-02 03:54:40,740 - INFO - Fine-tuning on imdb
2024-04-02 04:20:49,533 - INFO - Evaluating Evaluating on finance using model: bert...
2024-04-02 04:20:49,533 - INFO - Accuracy: 0.6628571428571428
2024-04-02 04:20:49,533 - INFO - Macro F1 Score: 0.6612643942127884
2024-04-02 04:20:49,533 - INFO - Micro F1 Score: 0.6628571428571428
2024-04-02 04:20:49,533 - INFO - Weighted F1 Score: 0.6688299502734726
2024-04-02 04:20:49,533 - INFO - Matthews Correlation Coefficient: 0.41694364125566963
2024-04-02 04:20:49,533 - INFO - Cohen's Kappa Score: 0.3647326647388175
2024-04-02 04:20:49,533 - INFO - ROC AUC: 0.7165400350672122
2024-04-02 04:20:49,533 - INFO - PRC AUC: 0.8751377228890584
2024-04-02 04:20:49,536 - INFO - Completed fine-tuning for BERT
2024-04-02 04:20:52,352 - INFO - Evaluating ADVERSERIAL...
2024-04-02 04:20:52,353 - INFO - Accuracy: 0.86
2024-04-02 04:20:52,353 - INFO - Macro F1 Score: 0.8572011423908609
2024-04-02 04:20:52,353 - INFO - Micro F1 Score: 0.8599999999999999
2024-04-02 04:20:52,353 - INFO - Weighted F1 Score: 0.8596001631986944
2024-04-02 04:20:52,353 - INFO - Matthews Correlation Coefficient: 0.7151137162376162
2024-04-02 04:20:52,353 - INFO - Cohen's Kappa Score: 0.7145187601957586
2024-04-02 04:20:52,353 - INFO - ROC AUC: 0.8555194805194805
2024-04-02 04:20:52,353 - INFO - PRC AUC: 0.9074630541871922
2024-04-02 04:20:52,353 - INFO - EVALUATION COMPLETED FOR BERT
