2024-03-31 02:04:30,769 - INFO - Logging started
2024-03-31 02:04:30,769 - INFO - Logging initiated from: multi_benchmark.py
2024-03-31 02:04:30,770 - INFO - Combination is 123
2024-03-31 02:04:30,770 - INFO - Starting fine-tuning for DISTILBERT
2024-03-31 02:04:31,383 - INFO - Fine-tuning on finance
2024-03-31 02:05:08,480 - INFO - Fine-tuning on imdb
2024-03-31 02:29:41,174 - INFO - Fine-tuning on amazon
2024-03-31 03:04:38,421 - INFO - Evaluating Evaluating on sst2 using model: distilbert...
2024-03-31 03:04:38,421 - INFO - Accuracy: 0.8543577981651376
2024-03-31 03:04:38,421 - INFO - Macro F1 Score: 0.8541227858722613
2024-03-31 03:04:38,421 - INFO - Micro F1 Score: 0.8543577981651376
2024-03-31 03:04:38,423 - INFO - Weighted F1 Score: 0.8542302200632904
2024-03-31 03:04:38,423 - INFO - Matthews Correlation Coefficient: 0.7090593629340138
2024-03-31 03:04:38,423 - INFO - Cohen's Kappa Score: 0.7083842426795871
2024-03-31 03:04:38,423 - INFO - ROC AUC: 0.8539088153574136
2024-03-31 03:04:38,423 - INFO - PRC AUC: 0.8913187986369471
2024-03-31 03:04:38,424 - INFO - Completed fine-tuning for DISTILBERT
2024-03-31 03:04:44,695 - INFO - Evaluating ADVERSERIAL...
2024-03-31 03:04:44,695 - INFO - Accuracy: 0.78
2024-03-31 03:04:44,695 - INFO - Macro F1 Score: 0.7799119647859143
2024-03-31 03:04:44,695 - INFO - Micro F1 Score: 0.78
2024-03-31 03:04:44,695 - INFO - Weighted F1 Score: 0.7804401760704281
2024-03-31 03:04:44,695 - INFO - Matthews Correlation Coefficient: 0.5755907974311045
2024-03-31 03:04:44,696 - INFO - Cohen's Kappa Score: 0.5641838351822503
2024-03-31 03:04:44,696 - INFO - ROC AUC: 0.788961038961039
2024-03-31 03:04:44,696 - INFO - PRC AUC: 0.8719254658385093
2024-03-31 03:04:44,696 - INFO - EVALUATION COMPLETED FOR DISTILBERT
2024-03-31 03:04:44,696 - INFO - Starting fine-tuning for ROBERTA
2024-03-31 03:05:04,178 - INFO - Fine-tuning on finance
2024-03-31 03:06:18,985 - INFO - Fine-tuning on imdb
2024-03-31 03:49:59,690 - INFO - Fine-tuning on amazon
2024-03-31 04:50:52,190 - INFO - Evaluating Evaluating on sst2 using model: roberta...
2024-03-31 04:50:52,190 - INFO - Accuracy: 0.8807339449541285
2024-03-31 04:50:52,190 - INFO - Macro F1 Score: 0.8806937778900396
2024-03-31 04:50:52,190 - INFO - Micro F1 Score: 0.8807339449541285
2024-03-31 04:50:52,190 - INFO - Weighted F1 Score: 0.8806536108259506
2024-03-31 04:50:52,191 - INFO - Matthews Correlation Coefficient: 0.7637642898824771
2024-03-31 04:50:52,191 - INFO - Cohen's Kappa Score: 0.7617085680652484
2024-03-31 04:50:52,191 - INFO - ROC AUC: 0.8813673486570683
2024-03-31 04:50:52,191 - INFO - PRC AUC: 0.9187249287231474
2024-03-31 04:50:52,197 - INFO - Completed fine-tuning for ROBERTA
2024-03-31 04:50:59,270 - INFO - Evaluating ADVERSERIAL...
2024-03-31 04:50:59,270 - INFO - Accuracy: 0.82
2024-03-31 04:50:59,270 - INFO - Macro F1 Score: 0.8181818181818181
2024-03-31 04:50:59,270 - INFO - Micro F1 Score: 0.82
2024-03-31 04:50:59,270 - INFO - Weighted F1 Score: 0.8203636363636363
2024-03-31 04:50:59,270 - INFO - Matthews Correlation Coefficient: 0.6370302645726269
2024-03-31 04:50:59,270 - INFO - Cohen's Kappa Score: 0.6365105008077545
2024-03-31 04:50:59,270 - INFO - ROC AUC: 0.8198051948051948
2024-03-31 04:50:59,270 - INFO - PRC AUC: 0.8866402116402117
2024-03-31 04:50:59,271 - INFO - EVALUATION COMPLETED FOR ROBERTA
2024-03-31 04:50:59,271 - INFO - Starting fine-tuning for BERT
2024-03-31 04:51:11,145 - INFO - Fine-tuning on finance
2024-03-31 04:52:25,008 - INFO - Fine-tuning on imdb
2024-03-31 05:38:44,034 - INFO - Fine-tuning on amazon
2024-03-31 06:40:44,731 - INFO - Evaluating Evaluating on sst2 using model: bert...
2024-03-31 06:40:44,731 - INFO - Accuracy: 0.8681192660550459
2024-03-31 06:40:44,731 - INFO - Macro F1 Score: 0.8680982765174683
2024-03-31 06:40:44,731 - INFO - Micro F1 Score: 0.8681192660550459
2024-03-31 06:40:44,731 - INFO - Weighted F1 Score: 0.8681288067539448
2024-03-31 06:40:44,731 - INFO - Matthews Correlation Coefficient: 0.7362536545912357
2024-03-31 06:40:44,731 - INFO - Cohen's Kappa Score: 0.7362052274927395
2024-03-31 06:40:44,731 - INFO - ROC AUC: 0.8681800959838344
2024-03-31 06:40:44,731 - INFO - PRC AUC: 0.9041937331367019
2024-03-31 06:40:44,741 - INFO - Completed fine-tuning for BERT
2024-03-31 06:40:50,063 - INFO - Evaluating ADVERSERIAL...
2024-03-31 06:40:50,063 - INFO - Accuracy: 0.78
2024-03-31 06:40:50,063 - INFO - Macro F1 Score: 0.7777777777777778
2024-03-31 06:40:50,063 - INFO - Micro F1 Score: 0.78
2024-03-31 06:40:50,063 - INFO - Weighted F1 Score: 0.7804444444444445
2024-03-31 06:40:50,063 - INFO - Matthews Correlation Coefficient: 0.5561888604390448
2024-03-31 06:40:50,063 - INFO - Cohen's Kappa Score: 0.555735056542811
2024-03-31 06:40:50,063 - INFO - ROC AUC: 0.7792207792207791
2024-03-31 06:40:50,063 - INFO - PRC AUC: 0.8602645502645503
2024-03-31 06:40:50,063 - INFO - EVALUATION COMPLETED FOR BERT
