2024-03-31 18:03:40,328 - INFO - Logging started
2024-03-31 18:03:40,328 - INFO - Logging initiated from: multi_benchmark.py
2024-03-31 18:03:40,329 - INFO - Combination is 124
2024-03-31 18:03:40,329 - INFO - Starting fine-tuning for DISTILBERT
2024-03-31 18:03:41,379 - INFO - Fine-tuning on finance
2024-03-31 18:04:20,057 - INFO - Fine-tuning on imdb
2024-03-31 18:27:11,962 - INFO - Fine-tuning on sst2
2024-03-31 19:29:40,612 - INFO - Evaluating Evaluating on amazon using model: distilbert...
2024-03-31 19:29:40,613 - INFO - Accuracy: 0.877
2024-03-31 19:29:40,613 - INFO - Macro F1 Score: 0.8769837310984379
2024-03-31 19:29:40,613 - INFO - Micro F1 Score: 0.877
2024-03-31 19:29:40,613 - INFO - Weighted F1 Score: 0.8769568520436828
2024-03-31 19:29:40,613 - INFO - Matthews Correlation Coefficient: 0.7556010121897
2024-03-31 19:29:40,613 - INFO - Cohen's Kappa Score: 0.7541961514711261
2024-03-31 19:29:40,613 - INFO - ROC AUC: 0.8775352902397765
2024-03-31 19:29:40,613 - INFO - PRC AUC: 0.9147783980672033
2024-03-31 19:29:40,614 - INFO - Completed fine-tuning for DISTILBERT
2024-03-31 19:29:44,820 - INFO - Evaluating ADVERSERIAL...
2024-03-31 19:29:44,820 - INFO - Accuracy: 0.84
2024-03-31 19:29:44,820 - INFO - Macro F1 Score: 0.8389694041867954
2024-03-31 19:29:44,820 - INFO - Micro F1 Score: 0.84
2024-03-31 19:29:44,821 - INFO - Weighted F1 Score: 0.8405152979066023
2024-03-31 19:29:44,821 - INFO - Matthews Correlation Coefficient: 0.6806593270844965
2024-03-31 19:29:44,821 - INFO - Cohen's Kappa Score: 0.6784565916398714
2024-03-31 19:29:44,821 - INFO - ROC AUC: 0.8425324675324675
2024-03-31 19:29:44,821 - INFO - PRC AUC: 0.9030219780219779
2024-03-31 19:29:44,821 - INFO - EVALUATION COMPLETED FOR DISTILBERT
2024-03-31 19:29:44,821 - INFO - Starting fine-tuning for ROBERTA
2024-03-31 19:29:45,690 - INFO - Fine-tuning on finance
2024-03-31 19:31:04,409 - INFO - Fine-tuning on imdb
2024-03-31 20:15:34,406 - INFO - Fine-tuning on sst2
2024-03-31 22:12:43,956 - INFO - Evaluating Evaluating on amazon using model: roberta...
2024-03-31 22:12:43,956 - INFO - Accuracy: 0.5095
2024-03-31 22:12:43,956 - INFO - Macro F1 Score: 0.3375289831069891
2024-03-31 22:12:43,957 - INFO - Micro F1 Score: 0.5095
2024-03-31 22:12:43,957 - INFO - Weighted F1 Score: 0.3439420337860219
2024-03-31 22:12:43,957 - INFO - Matthews Correlation Coefficient: 0.0
2024-03-31 22:12:43,957 - INFO - Cohen's Kappa Score: 0.0
2024-03-31 22:12:43,957 - INFO - ROC AUC: 0.5
2024-03-31 22:12:43,957 - INFO - PRC AUC: 0.75475
2024-03-31 22:12:43,963 - INFO - Completed fine-tuning for ROBERTA
2024-03-31 22:12:49,763 - INFO - Evaluating ADVERSERIAL...
2024-03-31 22:12:49,764 - INFO - Accuracy: 0.56
2024-03-31 22:12:49,764 - INFO - Macro F1 Score: 0.358974358974359
2024-03-31 22:12:49,764 - INFO - Micro F1 Score: 0.56
2024-03-31 22:12:49,764 - INFO - Weighted F1 Score: 0.40205128205128204
2024-03-31 22:12:49,764 - INFO - Matthews Correlation Coefficient: 0.0
2024-03-31 22:12:49,764 - INFO - Cohen's Kappa Score: 0.0
2024-03-31 22:12:49,764 - INFO - ROC AUC: 0.5
2024-03-31 22:12:49,764 - INFO - PRC AUC: 0.78
2024-03-31 22:12:49,764 - INFO - EVALUATION COMPLETED FOR ROBERTA
2024-03-31 22:12:49,765 - INFO - Starting fine-tuning for BERT
2024-03-31 22:12:50,468 - INFO - Fine-tuning on finance
2024-03-31 22:14:04,431 - INFO - Fine-tuning on imdb
2024-03-31 23:10:42,703 - INFO - Fine-tuning on sst2
2024-04-01 01:18:55,414 - INFO - Evaluating Evaluating on amazon using model: bert...
2024-04-01 01:18:55,415 - INFO - Accuracy: 0.87625
2024-04-01 01:18:55,415 - INFO - Macro F1 Score: 0.8762465890466106
2024-04-01 01:18:55,415 - INFO - Micro F1 Score: 0.87625
2024-04-01 01:18:55,415 - INFO - Weighted F1 Score: 0.8762342446438679
2024-04-01 01:18:55,415 - INFO - Matthews Correlation Coefficient: 0.7535244129087042
2024-04-01 01:18:55,415 - INFO - Cohen's Kappa Score: 0.7526386460388952
2024-04-01 01:18:55,416 - INFO - ROC AUC: 0.8766662265077694
2024-04-01 01:18:55,416 - INFO - PRC AUC: 0.9131175481412158
2024-04-01 01:18:55,459 - INFO - Completed fine-tuning for BERT
2024-04-01 01:18:59,938 - INFO - Evaluating ADVERSERIAL...
2024-04-01 01:18:59,938 - INFO - Accuracy: 0.88
2024-04-01 01:18:59,938 - INFO - Macro F1 Score: 0.8792270531400965
2024-04-01 01:18:59,938 - INFO - Micro F1 Score: 0.88
2024-04-01 01:18:59,939 - INFO - Weighted F1 Score: 0.8803864734299516
2024-04-01 01:18:59,939 - INFO - Matthews Correlation Coefficient: 0.761306166786451
2024-04-01 01:18:59,939 - INFO - Cohen's Kappa Score: 0.7588424437299035
2024-04-01 01:18:59,939 - INFO - ROC AUC: 0.8831168831168831
2024-04-01 01:18:59,939 - INFO - PRC AUC: 0.9301098901098901
2024-04-01 01:18:59,939 - INFO - EVALUATION COMPLETED FOR BERT
