2024-04-01 22:43:32,914 - INFO - Logging started
2024-04-01 22:43:32,915 - INFO - Logging initiated from: multi_benchmark.py
2024-04-01 22:43:32,915 - INFO - Combination is 142
2024-04-01 22:43:32,915 - INFO - Starting fine-tuning for DISTILBERT
2024-04-01 22:43:36,724 - INFO - Fine-tuning on finance
2024-04-01 22:44:32,474 - INFO - Fine-tuning on sst2
2024-04-02 00:02:15,276 - INFO - Fine-tuning on imdb
2024-04-02 00:31:51,797 - INFO - Evaluating Evaluating on amazon using model: distilbert...
2024-04-02 00:31:51,797 - INFO - Accuracy: 0.88725
2024-04-02 00:31:51,797 - INFO - Macro F1 Score: 0.8870531265403804
2024-04-02 00:31:51,797 - INFO - Micro F1 Score: 0.88725
2024-04-02 00:31:51,797 - INFO - Weighted F1 Score: 0.8871427216477523
2024-04-02 00:31:51,797 - INFO - Matthews Correlation Coefficient: 0.7750279491003604
2024-04-02 00:31:51,797 - INFO - Cohen's Kappa Score: 0.7742233106672227
2024-04-02 00:31:51,797 - INFO - ROC AUC: 0.8867768764523993
2024-04-02 00:31:51,797 - INFO - PRC AUC: 0.9146941541892395
2024-04-02 00:31:51,797 - INFO - Completed fine-tuning for DISTILBERT
2024-04-02 00:31:54,477 - INFO - Evaluating ADVERSERIAL...
2024-04-02 00:31:54,477 - INFO - Accuracy: 0.88
2024-04-02 00:31:54,477 - INFO - Macro F1 Score: 0.8768472906403941
2024-04-02 00:31:54,477 - INFO - Micro F1 Score: 0.88
2024-04-02 00:31:54,477 - INFO - Weighted F1 Score: 0.8792118226600985
2024-04-02 00:31:54,477 - INFO - Matthews Correlation Coefficient: 0.7566444492037343
2024-04-02 00:31:54,477 - INFO - Cohen's Kappa Score: 0.7540983606557377
2024-04-02 00:31:54,477 - INFO - ROC AUC: 0.8733766233766233
2024-04-02 00:31:54,477 - INFO - PRC AUC: 0.9176190476190477
2024-04-02 00:31:54,477 - INFO - EVALUATION COMPLETED FOR DISTILBERT
2024-04-02 00:31:54,477 - INFO - Starting fine-tuning for ROBERTA
2024-04-02 00:32:00,177 - INFO - Fine-tuning on finance
2024-04-02 00:33:37,315 - INFO - Fine-tuning on sst2
2024-04-02 02:47:09,064 - INFO - Fine-tuning on imdb
2024-04-02 03:14:11,414 - INFO - Evaluating Evaluating on amazon using model: roberta...
2024-04-02 03:14:11,415 - INFO - Accuracy: 0.5095
2024-04-02 03:14:11,415 - INFO - Macro F1 Score: 0.33752898310698903
2024-04-02 03:14:11,415 - INFO - Micro F1 Score: 0.5095
2024-04-02 03:14:11,415 - INFO - Weighted F1 Score: 0.34394203378602184
2024-04-02 03:14:11,415 - INFO - Matthews Correlation Coefficient: 0.0
2024-04-02 03:14:11,415 - INFO - Cohen's Kappa Score: 0.0
2024-04-02 03:14:11,415 - INFO - ROC AUC: 0.5
2024-04-02 03:14:11,415 - INFO - PRC AUC: 0.75475
2024-04-02 03:14:11,417 - INFO - Completed fine-tuning for ROBERTA
2024-04-02 03:14:14,343 - INFO - Evaluating ADVERSERIAL...
2024-04-02 03:14:14,343 - INFO - Accuracy: 0.56
2024-04-02 03:14:14,343 - INFO - Macro F1 Score: 0.358974358974359
2024-04-02 03:14:14,343 - INFO - Micro F1 Score: 0.56
2024-04-02 03:14:14,343 - INFO - Weighted F1 Score: 0.40205128205128204
2024-04-02 03:14:14,343 - INFO - Matthews Correlation Coefficient: 0.0
2024-04-02 03:14:14,343 - INFO - Cohen's Kappa Score: 0.0
2024-04-02 03:14:14,343 - INFO - ROC AUC: 0.5
2024-04-02 03:14:14,343 - INFO - PRC AUC: 0.78
2024-04-02 03:14:14,343 - INFO - EVALUATION COMPLETED FOR ROBERTA
2024-04-02 03:14:14,343 - INFO - Starting fine-tuning for BERT
2024-04-02 03:14:18,968 - INFO - Fine-tuning on finance
2024-04-02 03:15:05,123 - INFO - Fine-tuning on sst2
2024-04-02 04:25:37,740 - INFO - Fine-tuning on imdb
2024-04-02 04:52:29,796 - INFO - Evaluating Evaluating on amazon using model: bert...
2024-04-02 04:52:29,797 - INFO - Accuracy: 0.8925
2024-04-02 04:52:29,797 - INFO - Macro F1 Score: 0.8923565920697849
2024-04-02 04:52:29,797 - INFO - Micro F1 Score: 0.8925
2024-04-02 04:52:29,797 - INFO - Weighted F1 Score: 0.8924312427731845
2024-04-02 04:52:29,797 - INFO - Matthews Correlation Coefficient: 0.7852612924552532
2024-04-02 04:52:29,797 - INFO - Cohen's Kappa Score: 0.7847791834422118
2024-04-02 04:52:29,797 - INFO - ROC AUC: 0.8921285584095858
2024-04-02 04:52:29,797 - INFO - PRC AUC: 0.9190411451864293
2024-04-02 04:52:29,800 - INFO - Completed fine-tuning for BERT
2024-04-02 04:52:32,867 - INFO - Evaluating ADVERSERIAL...
2024-04-02 04:52:32,867 - INFO - Accuracy: 0.84
2024-04-02 04:52:32,867 - INFO - Macro F1 Score: 0.8389694041867954
2024-04-02 04:52:32,867 - INFO - Micro F1 Score: 0.8399999999999999
2024-04-02 04:52:32,867 - INFO - Weighted F1 Score: 0.8405152979066023
2024-04-02 04:52:32,867 - INFO - Matthews Correlation Coefficient: 0.6806593270844965
2024-04-02 04:52:32,867 - INFO - Cohen's Kappa Score: 0.6784565916398714
2024-04-02 04:52:32,867 - INFO - ROC AUC: 0.8425324675324675
2024-04-02 04:52:32,867 - INFO - PRC AUC: 0.9030219780219779
2024-04-02 04:52:32,867 - INFO - EVALUATION COMPLETED FOR BERT
