2024-04-01 15:18:36,390 - INFO - Logging started
2024-04-01 15:18:36,390 - INFO - Logging initiated from: multi_benchmark.py
2024-04-01 15:18:36,390 - INFO - Combination is 241
2024-04-01 15:18:36,390 - INFO - Starting fine-tuning for DISTILBERT
2024-04-01 15:18:47,462 - INFO - Fine-tuning on imdb
2024-04-01 15:35:20,378 - INFO - Fine-tuning on sst2
2024-04-01 16:15:22,736 - INFO - Fine-tuning on finance
2024-04-01 16:19:14,701 - INFO - Evaluating Evaluating on amazon using model: distilbert...
2024-04-01 16:19:14,701 - INFO - Accuracy: 0.87825
2024-04-01 16:19:14,701 - INFO - Macro F1 Score: 0.8781111609943201
2024-04-01 16:19:14,701 - INFO - Micro F1 Score: 0.87825
2024-04-01 16:19:14,701 - INFO - Weighted F1 Score: 0.8781893222123325
2024-04-01 16:19:14,701 - INFO - Matthews Correlation Coefficient: 0.7566053051814055
2024-04-01 16:19:14,701 - INFO - Cohen's Kappa Score: 0.756275407788277
2024-04-01 16:19:14,701 - INFO - ROC AUC: 0.8779256811709027
2024-04-01 16:19:14,701 - INFO - PRC AUC: 0.9091545566286339
2024-04-01 16:19:14,702 - INFO - Completed fine-tuning for DISTILBERT
2024-04-01 16:19:19,171 - INFO - Evaluating ADVERSERIAL...
2024-04-01 16:19:19,171 - INFO - Accuracy: 0.86
2024-04-01 16:19:19,171 - INFO - Macro F1 Score: 0.8572011423908609
2024-04-01 16:19:19,171 - INFO - Micro F1 Score: 0.8599999999999999
2024-04-01 16:19:19,171 - INFO - Weighted F1 Score: 0.8596001631986944
2024-04-01 16:19:19,171 - INFO - Matthews Correlation Coefficient: 0.7151137162376162
2024-04-01 16:19:19,171 - INFO - Cohen's Kappa Score: 0.7145187601957586
2024-04-01 16:19:19,171 - INFO - ROC AUC: 0.8555194805194805
2024-04-01 16:19:19,171 - INFO - PRC AUC: 0.9074630541871922
2024-04-01 16:19:19,171 - INFO - EVALUATION COMPLETED FOR DISTILBERT
2024-04-01 16:19:19,171 - INFO - Starting fine-tuning for ROBERTA
2024-04-01 16:19:38,341 - INFO - Fine-tuning on imdb
2024-04-01 16:48:47,107 - INFO - Fine-tuning on sst2
2024-04-01 18:05:09,190 - INFO - Fine-tuning on finance
2024-04-01 18:06:25,105 - INFO - Evaluating Evaluating on amazon using model: roberta...
2024-04-01 18:06:25,105 - INFO - Accuracy: 0.56475
2024-04-01 18:06:25,105 - INFO - Macro F1 Score: 0.45376926269282497
2024-04-01 18:06:25,105 - INFO - Micro F1 Score: 0.56475
2024-04-01 18:06:25,105 - INFO - Weighted F1 Score: 0.4584473192848079
2024-04-01 18:06:25,105 - INFO - Matthews Correlation Coefficient: 0.23974033991691834
2024-04-01 18:06:25,105 - INFO - Cohen's Kappa Score: 0.11465497733242147
2024-04-01 18:06:25,105 - INFO - ROC AUC: 0.5563866055646088
2024-04-01 18:06:25,105 - INFO - PRC AUC: 0.7688787455672892
2024-04-01 18:06:25,107 - INFO - Completed fine-tuning for ROBERTA
2024-04-01 18:06:30,612 - INFO - Evaluating ADVERSERIAL...
2024-04-01 18:06:30,612 - INFO - Accuracy: 0.56
2024-04-01 18:06:30,612 - INFO - Macro F1 Score: 0.4543650793650794
2024-04-01 18:06:30,612 - INFO - Micro F1 Score: 0.56
2024-04-01 18:06:30,612 - INFO - Weighted F1 Score: 0.48317460317460326
2024-04-01 18:06:30,612 - INFO - Matthews Correlation Coefficient: 0.04463547754827117
2024-04-01 18:06:30,612 - INFO - Cohen's Kappa Score: 0.03169014084507038
2024-04-01 18:06:30,612 - INFO - ROC AUC: 0.5146103896103896
2024-04-01 18:06:30,612 - INFO - PRC AUC: 0.7605194805194806
2024-04-01 18:06:30,612 - INFO - EVALUATION COMPLETED FOR ROBERTA
2024-04-01 18:06:30,612 - INFO - Starting fine-tuning for BERT
2024-04-01 18:06:47,342 - INFO - Fine-tuning on imdb
