2024-04-01 10:47:05,151 - INFO - Logging started
2024-04-01 10:47:05,151 - INFO - Logging initiated from: multi_benchmark.py
2024-04-01 10:47:05,151 - INFO - Combination is 213
2024-04-01 10:47:05,151 - INFO - Starting fine-tuning for DISTILBERT
2024-04-01 10:47:05,598 - INFO - Fine-tuning on imdb
2024-04-01 11:01:44,818 - INFO - Fine-tuning on finance
2024-04-01 11:02:09,514 - INFO - Fine-tuning on amazon
2024-04-01 11:23:30,627 - INFO - Evaluating Evaluating on sst2 using model: distilbert...
2024-04-01 11:23:30,627 - INFO - Accuracy: 0.8532110091743119
2024-04-01 11:23:30,627 - INFO - Macro F1 Score: 0.8530370620052563
2024-04-01 11:23:30,627 - INFO - Micro F1 Score: 0.8532110091743119
2024-04-01 11:23:30,627 - INFO - Weighted F1 Score: 0.8531298338287526
2024-04-01 11:23:30,627 - INFO - Matthews Correlation Coefficient: 0.706514956484662
2024-04-01 11:23:30,627 - INFO - Cohen's Kappa Score: 0.7061499578770009
2024-04-01 11:23:30,627 - INFO - ROC AUC: 0.852866885577166
2024-04-01 11:23:30,627 - INFO - PRC AUC: 0.8909833800187753
2024-04-01 11:23:30,627 - INFO - Completed fine-tuning for DISTILBERT
2024-04-01 11:23:33,875 - INFO - Evaluating ADVERSERIAL...
2024-04-01 11:23:33,875 - INFO - Accuracy: 0.78
2024-04-01 11:23:33,875 - INFO - Macro F1 Score: 0.779205138498595
2024-04-01 11:23:33,875 - INFO - Micro F1 Score: 0.78
2024-04-01 11:23:33,875 - INFO - Weighted F1 Score: 0.7807948615014051
2024-04-01 11:23:33,875 - INFO - Matthews Correlation Coefficient: 0.5640760748177662
2024-04-01 11:23:33,875 - INFO - Cohen's Kappa Score: 0.56
2024-04-01 11:23:33,875 - INFO - ROC AUC: 0.784090909090909
2024-04-01 11:23:33,875 - INFO - PRC AUC: 0.865
2024-04-01 11:23:33,875 - INFO - EVALUATION COMPLETED FOR DISTILBERT
2024-04-01 11:23:33,875 - INFO - Starting fine-tuning for ROBERTA
2024-04-01 11:23:49,175 - INFO - Fine-tuning on imdb
2024-04-01 11:52:48,271 - INFO - Fine-tuning on finance
2024-04-01 11:53:35,587 - INFO - Fine-tuning on amazon
2024-04-01 12:34:35,184 - INFO - Evaluating Evaluating on sst2 using model: roberta...
2024-04-01 12:34:35,185 - INFO - Accuracy: 0.8910550458715596
2024-04-01 12:34:35,185 - INFO - Macro F1 Score: 0.8910227991775405
2024-04-01 12:34:35,185 - INFO - Micro F1 Score: 0.8910550458715596
2024-04-01 12:34:35,185 - INFO - Weighted F1 Score: 0.8910571956511609
2024-04-01 12:34:35,185 - INFO - Matthews Correlation Coefficient: 0.7820479432735805
2024-04-01 12:34:35,185 - INFO - Cohen's Kappa Score: 0.7820458850768259
2024-04-01 12:34:35,185 - INFO - ROC AUC: 0.8910394038898712
2024-04-01 12:34:35,185 - INFO - PRC AUC: 0.920421477662557
2024-04-01 12:34:35,186 - INFO - Completed fine-tuning for ROBERTA
2024-04-01 12:34:56,978 - INFO - Evaluating ADVERSERIAL...
2024-04-01 12:34:56,978 - INFO - Accuracy: 0.84
2024-04-01 12:34:56,978 - INFO - Macro F1 Score: 0.8376623376623377
2024-04-01 12:34:56,978 - INFO - Micro F1 Score: 0.8399999999999999
2024-04-01 12:34:56,978 - INFO - Weighted F1 Score: 0.84
2024-04-01 12:34:56,978 - INFO - Matthews Correlation Coefficient: 0.6753246753246753
2024-04-01 12:34:56,978 - INFO - Cohen's Kappa Score: 0.6753246753246753
2024-04-01 12:34:56,978 - INFO - ROC AUC: 0.8376623376623377
2024-04-01 12:34:56,978 - INFO - PRC AUC: 0.8971428571428572
2024-04-01 12:34:56,978 - INFO - EVALUATION COMPLETED FOR ROBERTA
2024-04-01 12:34:56,978 - INFO - Starting fine-tuning for BERT
2024-04-01 12:35:10,326 - INFO - Fine-tuning on imdb
2024-04-01 13:04:33,252 - INFO - Fine-tuning on finance
2024-04-01 13:05:20,034 - INFO - Fine-tuning on amazon
